
LICENSE SYSTEM [2017413 15:58:29] Next license update check is after 2017-04-14T07:57:21


LICENSE SYSTEM [2017413 15:58:29] 00331-60010-48426-AA738 != 00331-60000-00000-AA379

Built from '5.6/release' branch; Version is '5.6.0f3 (497a0f351392) revision 4815375'; Using compiler version '160040219'
OS: 'Windows 10  (10.0.0) 64bit' Language: 'en' Physical Memory: 16346 MB
BatchMode: 1, IsHumanControllingUs: 0, StartBugReporterOnCrash: 0, Is64bit: 1, IsPro: 1
Initialize mono
Mono path[0] = 'C:/Program Files/Unity5.6.0f3/Editor/Data/Managed'
Mono path[1] = 'C:/Program Files/Unity5.6.0f3/Editor/Data/Mono/lib/mono/2.0'
Mono path[2] = 'C:/Program Files/Unity5.6.0f3/Editor/Data/UnityScript'
Mono config path = 'C:/Program Files/Unity5.6.0f3/Editor/Data/Mono/etc'
Using monoOptions --debugger-agent=transport=dt_socket,embedding=1,defer=y,address=0.0.0.0:56316

 COMMAND LINE ARGUMENTS:

C:\Program Files\Unity5.6.0f3\Editor\Unity.exe
-quit
-batchmode
-projectPath
C:\PersonalProjects\unity-delete-script-bug\test-project\
-buildTarget
win32
-executeMethod
Build.ClientBuilder.BuildClient_BatchMode
-outputDir=C:\PersonalProjects\unity-delete-script-bug\_output\build_step_4\build.exe
-logFile
C:\PersonalProjects\unity-delete-script-bug\_output\unity_editor_step_4.log
Successfully changed project path to: C:\PersonalProjects\unity-delete-script-bug\test-project\
C:/PersonalProjects/unity-delete-script-bug/test-project
Loading GUID <-> Path mappings...0.000066 seconds
Loading Asset Database...0.005433 seconds
Audio: FMOD Profiler initialized on port 54900
AssetDatabase consistency checks...0.019877 seconds
Targeting platform: win32
Initialize engine version: 5.6.0f3 (497a0f351392)
GfxDevice: creating device client; threaded=0
Direct3D:
    Version:  Direct3D 11.0 [level 11.1]
    Renderer: NVIDIA GeForce GTX 960 (ID=0x1401)
    Vendor:   NVIDIA
    VRAM:     4061 MB
    Driver:   21.21.13.7653
Begin MonoManager ReloadAssembly
Platform assembly: C:\Program Files\Unity5.6.0f3\Editor\Data\Managed\UnityEngine.dll (this message is harmless)
Platform assembly: C:\Program Files\Unity5.6.0f3\Editor\Data\Managed\UnityEditor.dll (this message is harmless)
Platform assembly: C:\Program Files\Unity5.6.0f3\Editor\Data\Managed\Unity.Locator.dll (this message is harmless)
Refreshing native plugins compatible for Editor in 4.78 ms, found 4 plugins.
Platform assembly: C:\Program Files\Unity5.6.0f3\Editor\Data\Mono\lib\mono\2.0\I18N.dll (this message is harmless)
Platform assembly: C:\Program Files\Unity5.6.0f3\Editor\Data\Mono\lib\mono\2.0\I18N.West.dll (this message is harmless)
Platform assembly: C:\Program Files\Unity5.6.0f3\Editor\Data\Managed\Unity.DataContract.dll (this message is harmless)
Platform assembly: C:\Program Files\Unity5.6.0f3\Editor\Data\Mono\lib\mono\2.0\System.Core.dll (this message is harmless)
Platform assembly: C:\Program Files\Unity5.6.0f3\Editor\Data\Managed\Unity.IvyParser.dll (this message is harmless)
Platform assembly: C:\Program Files\Unity5.6.0f3\Editor\Data\Mono\lib\mono\2.0\System.dll (this message is harmless)
Platform assembly: C:\Program Files\Unity5.6.0f3\Editor\Data\Mono\lib\mono\2.0\System.Xml.dll (this message is harmless)
Platform assembly: C:\Program Files\Unity5.6.0f3\Editor\Data\Mono\lib\mono\2.0\System.Configuration.dll (this message is harmless)
Platform assembly: C:\Program Files\Unity5.6.0f3\Editor\Data\PackageManager\Unity\PackageManager\5.6.0\Unity.PackageManager.dll (this message is harmless)
Initializing Unity.PackageManager (PackageManager) v5.6.0 for Unity v5.6.0f3
Setting Standalone:StandaloneLinux v5.6.0 for Unity v5.6.0f3 to C:\Program Files\Unity5.6.0f3\Editor\Data\PlaybackEngines\LinuxStandaloneSupport
Setting Standalone:StandaloneOSXIntel v5.6.0 for Unity v5.6.0f3 to C:\Program Files\Unity5.6.0f3\Editor\Data\PlaybackEngines\MacStandaloneSupport
Setting Metro:WSAPlayer v5.6.0 for Unity v5.6.0f3 to C:\Program Files\Unity5.6.0f3\Editor\Data\PlaybackEngines\MetroSupport
Setting Standalone:StandaloneWindows v5.6.0 for Unity v5.6.0f3 to C:\Program Files\Unity5.6.0f3\Editor\Data\PlaybackEngines\windowsstandalonesupport
Setting Advertisements v5.6.0 for Unity v5.6.0f3 to C:\Program Files\Unity5.6.0f3\Editor\Data\UnityExtensions\Unity\Advertisements
  UnityEngine.Advertisements.dll (Extension) GUID: 739bbd9f364b4268874f9fd86ab3beef
  Editor/UnityEditor.Advertisements.dll (Extension) GUID: 97decbdab0634cdd991f8d23ddf0dead
Setting GUISystem v5.6.0 for Unity v5.6.0f3 to C:\Program Files\Unity5.6.0f3\Editor\Data\UnityExtensions\Unity\GUISystem
  UnityEngine.UI.dll (Extension) GUID: f5f67c52d1564df4a8936ccd202a3bd8
  Standalone/UnityEngine.UI.dll (Extension) GUID: f70555f144d8491a825f0804e09c671c
  Editor/UnityEditor.UI.dll (Extension) GUID: 80a3616ca19596e4da0f10f14d241e9f
Setting UNetHLAPI v5.6.0 for Unity v5.6.0f3 to C:\Program Files\Unity5.6.0f3\Editor\Data\UnityExtensions\Unity\Networking
  UnityEngine.Networking.dll (Extension) GUID: 870353891bb340e2b2a9c8707e7419ba
  Standalone/UnityEngine.Networking.dll (Extension) GUID: dc443db3e92b4983b9738c1131f555cb
  Editor/UnityEditor.Networking.dll (Extension) GUID: 5f32cd94baa94578a686d4b9d6b660f7
Setting TestRunner v5.6.0 for Unity v5.6.0f3 to C:\Program Files\Unity5.6.0f3\Editor\Data\UnityExtensions\Unity\TestRunner
  Editor/UnityEditor.TestRunner.dll (Extension) GUID: 4113173d5e95493ab8765d7b08371de4
  UnityEngine.TestRunner.dll (Extension) GUID: 53ebcfaa2e1e4e2dbc85882cd5a73fa1
  nunit.framework.dll (Extension) GUID: 6abf4b4cbfd0454e850ffc1ec9140b58
  standalone/nunit.framework.dll (Extension) GUID: 4277762b3c154fab9f2e968e868bbbd7
  portable/nunit.framework.dll (Extension) GUID: 405b9b51bb344a128608d968297df79c
Setting TreeEditor v5.6.0 for Unity v5.6.0f3 to C:\Program Files\Unity5.6.0f3\Editor\Data\UnityExtensions\Unity\TreeEditor
  Editor/UnityEditor.TreeEditor.dll (Extension) GUID: adebbd281f1a4ef3a30be7f21937e02f
Setting UnityAnalytics v5.6.0 for Unity v5.6.0f3 to C:\Program Files\Unity5.6.0f3\Editor\Data\UnityExtensions\Unity\UnityAnalytics
  UnityEngine.Analytics.dll (Extension) GUID: 852E56802EB941638ACBB491814497B0
  Editor/UnityEditor.Analytics.dll (Extension) GUID: 86f4de9468454445ac2f39e207fafa3a
Setting UnityHoloLens v5.6.0 for Unity v5.6.0f3 to C:\Program Files\Unity5.6.0f3\Editor\Data\UnityExtensions\Unity\UnityHoloLens
  Editor/UnityEditor.HoloLens.dll (Extension) GUID: 12fd8a0055b84bb59e84c9835a37e333
  Runtime/UnityEngine.HoloLens.dll (Extension) GUID: f7b54ff4a43d4fcf81b4538b678e0bcc
  RuntimeEditor/UnityEngine.HoloLens.dll (Extension) GUID: 1c6d1fbb51834b64847b1b73a75bfc77
Setting UnityPurchasing v5.6.0 for Unity v5.6.0f3 to C:\Program Files\Unity5.6.0f3\Editor\Data\UnityExtensions\Unity\UnityPurchasing
  UnityEngine.Purchasing.dll (Extension) GUID: 8E0CD8ED44D4412CBE0642067ABC9E44
  Editor/UnityEditor.Purchasing.dll (Extension) GUID: 8382B2BB260241859771B69B7F377A8D
Setting UnityVR v5.6.0 for Unity v5.6.0f3 to C:\Program Files\Unity5.6.0f3\Editor\Data\UnityExtensions\Unity\UnityVR
  Editor/UnityEditor.VR.dll (Extension) GUID: 4ba2329b63d54f0187bcaa12486b1b0f
  Runtime/UnityEngine.VR.dll (Extension) GUID: 6cdf1e5c78d14720aaadccd4C792df96
  RuntimeEditor/UnityEngine.VR.dll (Extension) GUID: 307433eba81a469ab1e2084d52d1a5a2
Registering custom unity dll's ...
Register platform support module: C:\Program Files\Unity5.6.0f3\Editor\Data\PlaybackEngines\MetroSupport/UnityEditor.WSA.Extensions.dll
Register platform support module: C:\Program Files\Unity5.6.0f3\Editor\Data\PlaybackEngines\LinuxStandaloneSupport/UnityEditor.LinuxStandalone.Extensions.dll
Register platform support module: C:\Program Files\Unity5.6.0f3\Editor\Data\PlaybackEngines\windowsstandalonesupport/UnityEditor.WindowsStandalone.Extensions.dll
Register platform support module: C:\Program Files\Unity5.6.0f3\Editor\Data\PlaybackEngines\MacStandaloneSupport/UnityEditor.OSXStandalone.Extensions.dll
Registered in 0.001582 seconds.
Platform assembly: C:\Program Files\Unity5.6.0f3\Editor\Data\PackageManager\Unity\PackageManager\5.6.0\Unity.PackageManager.dll (this message is harmless)
Loading C:\Program Files\Unity5.6.0f3\Editor\Data\PackageManager\Unity\PackageManager\5.6.0\Unity.PackageManager.dll into Unity Child Domain
Non platform assembly: C:\Program Files\Unity5.6.0f3\Editor\Data\UnityExtensions\Unity\Advertisements\Editor\UnityEditor.Advertisements.dll (this message is harmless)
Loading C:\Program Files\Unity5.6.0f3\Editor\Data\UnityExtensions\Unity\Advertisements\Editor\UnityEditor.Advertisements.dll into Unity Child Domain
Non platform assembly: C:\Program Files\Unity5.6.0f3\Editor\Data\UnityExtensions\Unity\GUISystem\UnityEngine.UI.dll (this message is harmless)
Loading C:\Program Files\Unity5.6.0f3\Editor\Data\UnityExtensions\Unity\GUISystem\UnityEngine.UI.dll into Unity Child Domain
Non platform assembly: C:\Program Files\Unity5.6.0f3\Editor\Data\UnityExtensions\Unity\GUISystem\Editor\UnityEditor.UI.dll (this message is harmless)
Loading C:\Program Files\Unity5.6.0f3\Editor\Data\UnityExtensions\Unity\GUISystem\Editor\UnityEditor.UI.dll into Unity Child Domain
Non platform assembly: C:\Program Files\Unity5.6.0f3\Editor\Data\UnityExtensions\Unity\Networking\UnityEngine.Networking.dll (this message is harmless)
Loading C:\Program Files\Unity5.6.0f3\Editor\Data\UnityExtensions\Unity\Networking\UnityEngine.Networking.dll into Unity Child Domain
Non platform assembly: C:\Program Files\Unity5.6.0f3\Editor\Data\UnityExtensions\Unity\Networking\Editor\UnityEditor.Networking.dll (this message is harmless)
Loading C:\Program Files\Unity5.6.0f3\Editor\Data\UnityExtensions\Unity\Networking\Editor\UnityEditor.Networking.dll into Unity Child Domain
Non platform assembly: C:\Program Files\Unity5.6.0f3\Editor\Data\UnityExtensions\Unity\TestRunner\Editor\UnityEditor.TestRunner.dll (this message is harmless)
Loading C:\Program Files\Unity5.6.0f3\Editor\Data\UnityExtensions\Unity\TestRunner\Editor\UnityEditor.TestRunner.dll into Unity Child Domain
Non platform assembly: C:\Program Files\Unity5.6.0f3\Editor\Data\UnityExtensions\Unity\TestRunner\UnityEngine.TestRunner.dll (this message is harmless)
Loading C:\Program Files\Unity5.6.0f3\Editor\Data\UnityExtensions\Unity\TestRunner\UnityEngine.TestRunner.dll into Unity Child Domain
Non platform assembly: C:\Program Files\Unity5.6.0f3\Editor\Data\UnityExtensions\Unity\TestRunner\nunit.framework.dll (this message is harmless)
Loading C:\Program Files\Unity5.6.0f3\Editor\Data\UnityExtensions\Unity\TestRunner\nunit.framework.dll into Unity Child Domain
Non platform assembly: C:\Program Files\Unity5.6.0f3\Editor\Data\UnityExtensions\Unity\TreeEditor\Editor\UnityEditor.TreeEditor.dll (this message is harmless)
Loading C:\Program Files\Unity5.6.0f3\Editor\Data\UnityExtensions\Unity\TreeEditor\Editor\UnityEditor.TreeEditor.dll into Unity Child Domain
Non platform assembly: C:\Program Files\Unity5.6.0f3\Editor\Data\UnityExtensions\Unity\UnityAnalytics\UnityEngine.Analytics.dll (this message is harmless)
Loading C:\Program Files\Unity5.6.0f3\Editor\Data\UnityExtensions\Unity\UnityAnalytics\UnityEngine.Analytics.dll into Unity Child Domain
Non platform assembly: C:\Program Files\Unity5.6.0f3\Editor\Data\UnityExtensions\Unity\UnityAnalytics\Editor\UnityEditor.Analytics.dll (this message is harmless)
Loading C:\Program Files\Unity5.6.0f3\Editor\Data\UnityExtensions\Unity\UnityAnalytics\Editor\UnityEditor.Analytics.dll into Unity Child Domain
Non platform assembly: C:\Program Files\Unity5.6.0f3\Editor\Data\UnityExtensions\Unity\UnityHoloLens\Editor\UnityEditor.HoloLens.dll (this message is harmless)
Loading C:\Program Files\Unity5.6.0f3\Editor\Data\UnityExtensions\Unity\UnityHoloLens\Editor\UnityEditor.HoloLens.dll into Unity Child Domain
Non platform assembly: C:\Program Files\Unity5.6.0f3\Editor\Data\UnityExtensions\Unity\UnityHoloLens\RuntimeEditor\UnityEngine.HoloLens.dll (this message is harmless)
Loading C:\Program Files\Unity5.6.0f3\Editor\Data\UnityExtensions\Unity\UnityHoloLens\RuntimeEditor\UnityEngine.HoloLens.dll into Unity Child Domain
Non platform assembly: C:\Program Files\Unity5.6.0f3\Editor\Data\UnityExtensions\Unity\UnityPurchasing\Editor\UnityEditor.Purchasing.dll (this message is harmless)
Loading C:\Program Files\Unity5.6.0f3\Editor\Data\UnityExtensions\Unity\UnityPurchasing\Editor\UnityEditor.Purchasing.dll into Unity Child Domain
Non platform assembly: C:\Program Files\Unity5.6.0f3\Editor\Data\UnityExtensions\Unity\UnityVR\Editor\UnityEditor.VR.dll (this message is harmless)
Loading C:\Program Files\Unity5.6.0f3\Editor\Data\UnityExtensions\Unity\UnityVR\Editor\UnityEditor.VR.dll into Unity Child Domain
Non platform assembly: C:\Program Files\Unity5.6.0f3\Editor\Data\UnityExtensions\Unity\UnityVR\RuntimeEditor\UnityEngine.VR.dll (this message is harmless)
Loading C:\Program Files\Unity5.6.0f3\Editor\Data\UnityExtensions\Unity\UnityVR\RuntimeEditor\UnityEngine.VR.dll into Unity Child Domain
Platform assembly: C:\Program Files\Unity5.6.0f3\Editor\Data\Managed\UnityEditor.Graphs.dll (this message is harmless)
Loading C:\Program Files\Unity5.6.0f3\Editor\Data\Managed\UnityEditor.Graphs.dll into Unity Child Domain
Platform assembly: C:\Program Files\Unity5.6.0f3\Editor\Data\PlaybackEngines\MetroSupport\UnityEditor.WSA.Extensions.dll (this message is harmless)
Loading C:\Program Files\Unity5.6.0f3\Editor\Data\PlaybackEngines\MetroSupport\UnityEditor.WSA.Extensions.dll into Unity Child Domain
Platform assembly: C:\Program Files\Unity5.6.0f3\Editor\Data\PlaybackEngines\LinuxStandaloneSupport\UnityEditor.LinuxStandalone.Extensions.dll (this message is harmless)
Loading C:\Program Files\Unity5.6.0f3\Editor\Data\PlaybackEngines\LinuxStandaloneSupport\UnityEditor.LinuxStandalone.Extensions.dll into Unity Child Domain
Platform assembly: C:\Program Files\Unity5.6.0f3\Editor\Data\PlaybackEngines\windowsstandalonesupport\UnityEditor.WindowsStandalone.Extensions.dll (this message is harmless)
Loading C:\Program Files\Unity5.6.0f3\Editor\Data\PlaybackEngines\windowsstandalonesupport\UnityEditor.WindowsStandalone.Extensions.dll into Unity Child Domain
Platform assembly: C:\Program Files\Unity5.6.0f3\Editor\Data\PlaybackEngines\MacStandaloneSupport\UnityEditor.OSXStandalone.Extensions.dll (this message is harmless)
Loading C:\Program Files\Unity5.6.0f3\Editor\Data\PlaybackEngines\MacStandaloneSupport\UnityEditor.OSXStandalone.Extensions.dll into Unity Child Domain
Refreshing native plugins compatible for Editor in 0.28 ms, found 4 plugins.
Preloading 2 native plugins for Editor in 0.91 ms.
Platform assembly: C:\Program Files\Unity5.6.0f3\Editor\Data\Managed\Mono.Cecil.dll (this message is harmless)
Platform assembly: C:\Program Files\Unity5.6.0f3\Editor\Data\Managed\Unity.SerializationLogic.dll (this message is harmless)
Platform assembly: C:\Program Files\Unity5.6.0f3\Editor\Data\Mono\lib\mono\2.0\UnityScript.dll (this message is harmless)
Platform assembly: C:\Program Files\Unity5.6.0f3\Editor\Data\Managed\ICSharpCode.NRefactory.dll (this message is harmless)
Platform assembly: C:\Program Files\Unity5.6.0f3\Editor\Data\Mono\lib\mono\2.0\System.Xml.Linq.dll (this message is harmless)
Platform assembly: C:\Program Files\Unity5.6.0f3\Editor\Data\Mono\lib\mono\2.0\System.Web.dll (this message is harmless)
Non platform assembly: C:\Program Files\Unity5.6.0f3\Editor\Data\UnityExtensions\Unity\UnityVR\Editor\UnityEditor.iOS.Extensions.Xcode.dll (this message is harmless)
Mono: successfully reloaded assembly
- Completed reload, in  0.443 seconds
Registering platform support modules:
Platform assembly: C:\Program Files\Unity5.6.0f3\Editor\Data\Mono\lib\mono\2.0\System.Drawing.dll (this message is harmless)
Platform assembly: C:\Program Files\Unity5.6.0f3\Editor\Data\Mono\lib\mono\2.0\System.Data.dll (this message is harmless)
Platform assembly: C:\Program Files\Unity5.6.0f3\Editor\Data\Mono\lib\mono\2.0\Boo.Lang.Compiler.dll (this message is harmless)
Platform assembly: C:\Program Files\Unity5.6.0f3\Editor\Data\Mono\lib\mono\2.0\Boo.Lang.dll (this message is harmless)
Platform assembly: C:\Program Files\Unity5.6.0f3\Editor\Data\Mono\lib\mono\2.0\Boo.Lang.Parser.dll (this message is harmless)
Platform assembly: C:\Program Files\Unity5.6.0f3\Editor\Data\Mono\lib\mono\2.0\UnityScript.Lang.dll (this message is harmless)
Platform assembly: C:\Program Files\Unity5.6.0f3\Editor\Data\Mono\lib\mono\2.0\Mono.Security.dll (this message is harmless)
Registered platform support modules in: 0.0812281s.
Native extension for OSXStandalone target not found
Native extension for WindowsStandalone target not found
Native extension for LinuxStandalone target not found
Native extension for Metro target not found
Begin MonoManager ReloadAssembly
Platform assembly: C:\Program Files\Unity5.6.0f3\Editor\Data\Managed\UnityEngine.dll (this message is harmless)
Platform assembly: C:\Program Files\Unity5.6.0f3\Editor\Data\Managed\UnityEditor.dll (this message is harmless)
Platform assembly: C:\Program Files\Unity5.6.0f3\Editor\Data\Managed\Unity.Locator.dll (this message is harmless)
Platform assembly: C:\Program Files\Unity5.6.0f3\Editor\Data\Mono\lib\mono\2.0\I18N.dll (this message is harmless)
Platform assembly: C:\Program Files\Unity5.6.0f3\Editor\Data\Mono\lib\mono\2.0\I18N.West.dll (this message is harmless)
Registering custom user dll's ...
Registered in 0.000295 seconds.
Non platform assembly: C:\PersonalProjects\unity-delete-script-bug\test-project\Library\ScriptAssemblies\Assembly-CSharp.dll (this message is harmless)
Loading C:\PersonalProjects\unity-delete-script-bug\test-project\Library\ScriptAssemblies\Assembly-CSharp.dll into Unity Child Domain
Non platform assembly: C:\PersonalProjects\unity-delete-script-bug\test-project\Library\ScriptAssemblies\Assembly-CSharp-Editor.dll (this message is harmless)
Loading C:\PersonalProjects\unity-delete-script-bug\test-project\Library\ScriptAssemblies\Assembly-CSharp-Editor.dll into Unity Child Domain
Platform assembly: C:\Program Files\Unity5.6.0f3\Editor\Data\PackageManager\Unity\PackageManager\5.6.0\Unity.PackageManager.dll (this message is harmless)
Loading C:\Program Files\Unity5.6.0f3\Editor\Data\PackageManager\Unity\PackageManager\5.6.0\Unity.PackageManager.dll into Unity Child Domain
Non platform assembly: C:\Program Files\Unity5.6.0f3\Editor\Data\UnityExtensions\Unity\Advertisements\Editor\UnityEditor.Advertisements.dll (this message is harmless)
Loading C:\Program Files\Unity5.6.0f3\Editor\Data\UnityExtensions\Unity\Advertisements\Editor\UnityEditor.Advertisements.dll into Unity Child Domain
Non platform assembly: C:\Program Files\Unity5.6.0f3\Editor\Data\UnityExtensions\Unity\GUISystem\UnityEngine.UI.dll (this message is harmless)
Loading C:\Program Files\Unity5.6.0f3\Editor\Data\UnityExtensions\Unity\GUISystem\UnityEngine.UI.dll into Unity Child Domain
Non platform assembly: C:\Program Files\Unity5.6.0f3\Editor\Data\UnityExtensions\Unity\GUISystem\Editor\UnityEditor.UI.dll (this message is harmless)
Loading C:\Program Files\Unity5.6.0f3\Editor\Data\UnityExtensions\Unity\GUISystem\Editor\UnityEditor.UI.dll into Unity Child Domain
Non platform assembly: C:\Program Files\Unity5.6.0f3\Editor\Data\UnityExtensions\Unity\Networking\UnityEngine.Networking.dll (this message is harmless)
Loading C:\Program Files\Unity5.6.0f3\Editor\Data\UnityExtensions\Unity\Networking\UnityEngine.Networking.dll into Unity Child Domain
Non platform assembly: C:\Program Files\Unity5.6.0f3\Editor\Data\UnityExtensions\Unity\Networking\Editor\UnityEditor.Networking.dll (this message is harmless)
Loading C:\Program Files\Unity5.6.0f3\Editor\Data\UnityExtensions\Unity\Networking\Editor\UnityEditor.Networking.dll into Unity Child Domain
Non platform assembly: C:\Program Files\Unity5.6.0f3\Editor\Data\UnityExtensions\Unity\TestRunner\Editor\UnityEditor.TestRunner.dll (this message is harmless)
Loading C:\Program Files\Unity5.6.0f3\Editor\Data\UnityExtensions\Unity\TestRunner\Editor\UnityEditor.TestRunner.dll into Unity Child Domain
Non platform assembly: C:\Program Files\Unity5.6.0f3\Editor\Data\UnityExtensions\Unity\TestRunner\UnityEngine.TestRunner.dll (this message is harmless)
Loading C:\Program Files\Unity5.6.0f3\Editor\Data\UnityExtensions\Unity\TestRunner\UnityEngine.TestRunner.dll into Unity Child Domain
Non platform assembly: C:\Program Files\Unity5.6.0f3\Editor\Data\UnityExtensions\Unity\TestRunner\nunit.framework.dll (this message is harmless)
Loading C:\Program Files\Unity5.6.0f3\Editor\Data\UnityExtensions\Unity\TestRunner\nunit.framework.dll into Unity Child Domain
Non platform assembly: C:\Program Files\Unity5.6.0f3\Editor\Data\UnityExtensions\Unity\TreeEditor\Editor\UnityEditor.TreeEditor.dll (this message is harmless)
Loading C:\Program Files\Unity5.6.0f3\Editor\Data\UnityExtensions\Unity\TreeEditor\Editor\UnityEditor.TreeEditor.dll into Unity Child Domain
Non platform assembly: C:\Program Files\Unity5.6.0f3\Editor\Data\UnityExtensions\Unity\UnityAnalytics\UnityEngine.Analytics.dll (this message is harmless)
Loading C:\Program Files\Unity5.6.0f3\Editor\Data\UnityExtensions\Unity\UnityAnalytics\UnityEngine.Analytics.dll into Unity Child Domain
Non platform assembly: C:\Program Files\Unity5.6.0f3\Editor\Data\UnityExtensions\Unity\UnityAnalytics\Editor\UnityEditor.Analytics.dll (this message is harmless)
Loading C:\Program Files\Unity5.6.0f3\Editor\Data\UnityExtensions\Unity\UnityAnalytics\Editor\UnityEditor.Analytics.dll into Unity Child Domain
Non platform assembly: C:\Program Files\Unity5.6.0f3\Editor\Data\UnityExtensions\Unity\UnityHoloLens\Editor\UnityEditor.HoloLens.dll (this message is harmless)
Loading C:\Program Files\Unity5.6.0f3\Editor\Data\UnityExtensions\Unity\UnityHoloLens\Editor\UnityEditor.HoloLens.dll into Unity Child Domain
Non platform assembly: C:\Program Files\Unity5.6.0f3\Editor\Data\UnityExtensions\Unity\UnityHoloLens\RuntimeEditor\UnityEngine.HoloLens.dll (this message is harmless)
Loading C:\Program Files\Unity5.6.0f3\Editor\Data\UnityExtensions\Unity\UnityHoloLens\RuntimeEditor\UnityEngine.HoloLens.dll into Unity Child Domain
Non platform assembly: C:\Program Files\Unity5.6.0f3\Editor\Data\UnityExtensions\Unity\UnityPurchasing\Editor\UnityEditor.Purchasing.dll (this message is harmless)
Loading C:\Program Files\Unity5.6.0f3\Editor\Data\UnityExtensions\Unity\UnityPurchasing\Editor\UnityEditor.Purchasing.dll into Unity Child Domain
Non platform assembly: C:\Program Files\Unity5.6.0f3\Editor\Data\UnityExtensions\Unity\UnityVR\Editor\UnityEditor.VR.dll (this message is harmless)
Loading C:\Program Files\Unity5.6.0f3\Editor\Data\UnityExtensions\Unity\UnityVR\Editor\UnityEditor.VR.dll into Unity Child Domain
Non platform assembly: C:\Program Files\Unity5.6.0f3\Editor\Data\UnityExtensions\Unity\UnityVR\RuntimeEditor\UnityEngine.VR.dll (this message is harmless)
Loading C:\Program Files\Unity5.6.0f3\Editor\Data\UnityExtensions\Unity\UnityVR\RuntimeEditor\UnityEngine.VR.dll into Unity Child Domain
Platform assembly: C:\Program Files\Unity5.6.0f3\Editor\Data\Managed\UnityEditor.Graphs.dll (this message is harmless)
Loading C:\Program Files\Unity5.6.0f3\Editor\Data\Managed\UnityEditor.Graphs.dll into Unity Child Domain
Platform assembly: C:\Program Files\Unity5.6.0f3\Editor\Data\PlaybackEngines\MetroSupport\UnityEditor.WSA.Extensions.dll (this message is harmless)
Loading C:\Program Files\Unity5.6.0f3\Editor\Data\PlaybackEngines\MetroSupport\UnityEditor.WSA.Extensions.dll into Unity Child Domain
Platform assembly: C:\Program Files\Unity5.6.0f3\Editor\Data\PlaybackEngines\LinuxStandaloneSupport\UnityEditor.LinuxStandalone.Extensions.dll (this message is harmless)
Loading C:\Program Files\Unity5.6.0f3\Editor\Data\PlaybackEngines\LinuxStandaloneSupport\UnityEditor.LinuxStandalone.Extensions.dll into Unity Child Domain
Platform assembly: C:\Program Files\Unity5.6.0f3\Editor\Data\PlaybackEngines\windowsstandalonesupport\UnityEditor.WindowsStandalone.Extensions.dll (this message is harmless)
Loading C:\Program Files\Unity5.6.0f3\Editor\Data\PlaybackEngines\windowsstandalonesupport\UnityEditor.WindowsStandalone.Extensions.dll into Unity Child Domain
Platform assembly: C:\Program Files\Unity5.6.0f3\Editor\Data\PlaybackEngines\MacStandaloneSupport\UnityEditor.OSXStandalone.Extensions.dll (this message is harmless)
Loading C:\Program Files\Unity5.6.0f3\Editor\Data\PlaybackEngines\MacStandaloneSupport\UnityEditor.OSXStandalone.Extensions.dll into Unity Child Domain
Non platform assembly: C:\Program Files (x86)\Microsoft Visual Studio Tools for Unity\15.0\Editor\SyntaxTree.VisualStudio.Unity.Bridge.dll (this message is harmless)
Loading C:\Program Files (x86)\Microsoft Visual Studio Tools for Unity\15.0\Editor\SyntaxTree.VisualStudio.Unity.Bridge.dll into Unity Child Domain
Platform assembly: C:\Program Files\Unity5.6.0f3\Editor\Data\Managed\Mono.Cecil.dll (this message is harmless)
Loading C:\Program Files\Unity5.6.0f3\Editor\Data\Managed\Mono.Cecil.dll into Unity Child Domain
Platform assembly: C:\Program Files\Unity5.6.0f3\Editor\Data\Mono\lib\mono\2.0\System.Core.dll (this message is harmless)
Refreshing native plugins compatible for Editor in 0.28 ms, found 4 plugins.
Preloading 2 native plugins for Editor in 0.13 ms.
Platform assembly: C:\Program Files\Unity5.6.0f3\Editor\Data\Managed\Unity.SerializationLogic.dll (this message is harmless)
Platform assembly: C:\Program Files\Unity5.6.0f3\Editor\Data\Managed\Unity.DataContract.dll (this message is harmless)
Platform assembly: C:\Program Files\Unity5.6.0f3\Editor\Data\Mono\lib\mono\2.0\UnityScript.dll (this message is harmless)
Platform assembly: C:\Program Files\Unity5.6.0f3\Editor\Data\Managed\ICSharpCode.NRefactory.dll (this message is harmless)
Platform assembly: C:\Program Files\Unity5.6.0f3\Editor\Data\Mono\lib\mono\2.0\System.Xml.Linq.dll (this message is harmless)
Platform assembly: C:\Program Files\Unity5.6.0f3\Editor\Data\Managed\Unity.IvyParser.dll (this message is harmless)
Platform assembly: C:\Program Files\Unity5.6.0f3\Editor\Data\Mono\lib\mono\2.0\System.Web.dll (this message is harmless)
Non platform assembly: C:\Program Files\Unity5.6.0f3\Editor\Data\UnityExtensions\Unity\UnityVR\Editor\UnityEditor.iOS.Extensions.Xcode.dll (this message is harmless)
Non platform assembly: C:\Program Files (x86)\Microsoft Visual Studio Tools for Unity\15.0\Editor\SyntaxTree.VisualStudio.Unity.Messaging.dll (this message is harmless)
Mono: successfully reloaded assembly
- Completed reload, in  0.299 seconds
Initializing Unity.PackageManager (PackageManager) v5.6.0 for Unity v5.6.0f3
- starting compile Library/ScriptAssemblies/Assembly-CSharp.dll, for buildtarget 5
Registering platform support modules:
Platform assembly: C:\Program Files\Unity5.6.0f3\Editor\Data\Mono\lib\mono\2.0\System.Drawing.dll (this message is harmless)
Platform assembly: C:\Program Files\Unity5.6.0f3\Editor\Data\Mono\lib\mono\2.0\System.Data.dll (this message is harmless)
Platform assembly: C:\Program Files\Unity5.6.0f3\Editor\Data\Mono\lib\mono\2.0\Boo.Lang.Compiler.dll (this message is harmless)
Platform assembly: C:\Program Files\Unity5.6.0f3\Editor\Data\Mono\lib\mono\2.0\Boo.Lang.dll (this message is harmless)
Platform assembly: C:\Program Files\Unity5.6.0f3\Editor\Data\Mono\lib\mono\2.0\Boo.Lang.Parser.dll (this message is harmless)
Platform assembly: C:\Program Files\Unity5.6.0f3\Editor\Data\Mono\lib\mono\2.0\UnityScript.Lang.dll (this message is harmless)
Registered platform support modules in: 0.0441766s.
- Finished compile Library/ScriptAssemblies/Assembly-CSharp.dll
WeaveUnetFromEditor Temp/Assembly-CSharp.dll
Platform assembly: C:\Program Files\Unity5.6.0f3\Editor\Data\Managed\Unity.UNetWeaver.dll (this message is harmless)
WeaveAssemblies unityPath= C:/Program Files/Unity5.6.0f3/Editor/Data/Managed/UnityEngine.dll
WeaveAssemblies unetPath= C:/Program Files/Unity5.6.0f3/Editor/Data/UnityExtensions/Unity/Networking/UnityEngine.Networking.dll
Platform assembly: C:\Program Files\Unity5.6.0f3\Editor\Data\Managed\Mono.Cecil.Pdb.dll (this message is harmless)
Platform assembly: C:\Program Files\Unity5.6.0f3\Editor\Data\Managed\Mono.Cecil.Mdb.dll (this message is harmless)
Symbols will be read from Temp/Assembly-CSharp.dll.mdb
Script Module: Assembly-CSharp.dll
Pass: 0 took 4 milliseconds
Pass: 1 took 2 milliseconds
- starting compile Library/ScriptAssemblies/Assembly-CSharp-Editor.dll, for buildtarget 5
- Finished compile Library/ScriptAssemblies/Assembly-CSharp-Editor.dll
WeaveUnetFromEditor Temp/Assembly-CSharp-Editor.dll
WeaveAssemblies unityPath= C:/Program Files/Unity5.6.0f3/Editor/Data/Managed/UnityEngine.dll
WeaveAssemblies unetPath= C:/Program Files/Unity5.6.0f3/Editor/Data/UnityExtensions/Unity/Networking/UnityEngine.Networking.dll
Reloading assemblies after script compilation.
Begin MonoManager ReloadAssembly
Platform assembly: C:\Program Files\Unity5.6.0f3\Editor\Data\Managed\UnityEngine.dll (this message is harmless)
Platform assembly: C:\Program Files\Unity5.6.0f3\Editor\Data\Managed\UnityEditor.dll (this message is harmless)
Platform assembly: C:\Program Files\Unity5.6.0f3\Editor\Data\Managed\Unity.Locator.dll (this message is harmless)
Platform assembly: C:\Program Files\Unity5.6.0f3\Editor\Data\Mono\lib\mono\2.0\I18N.dll (this message is harmless)
Platform assembly: C:\Program Files\Unity5.6.0f3\Editor\Data\Mono\lib\mono\2.0\I18N.West.dll (this message is harmless)
Non platform assembly: C:\PersonalProjects\unity-delete-script-bug\test-project\Library\ScriptAssemblies\Assembly-CSharp.dll (this message is harmless)
Loading C:\PersonalProjects\unity-delete-script-bug\test-project\Library\ScriptAssemblies\Assembly-CSharp.dll into Unity Child Domain
Non platform assembly: C:\PersonalProjects\unity-delete-script-bug\test-project\Library\ScriptAssemblies\Assembly-CSharp-Editor.dll (this message is harmless)
Loading C:\PersonalProjects\unity-delete-script-bug\test-project\Library\ScriptAssemblies\Assembly-CSharp-Editor.dll into Unity Child Domain
Platform assembly: C:\Program Files\Unity5.6.0f3\Editor\Data\PackageManager\Unity\PackageManager\5.6.0\Unity.PackageManager.dll (this message is harmless)
Loading C:\Program Files\Unity5.6.0f3\Editor\Data\PackageManager\Unity\PackageManager\5.6.0\Unity.PackageManager.dll into Unity Child Domain
Non platform assembly: C:\Program Files\Unity5.6.0f3\Editor\Data\UnityExtensions\Unity\Advertisements\Editor\UnityEditor.Advertisements.dll (this message is harmless)
Loading C:\Program Files\Unity5.6.0f3\Editor\Data\UnityExtensions\Unity\Advertisements\Editor\UnityEditor.Advertisements.dll into Unity Child Domain
Non platform assembly: C:\Program Files\Unity5.6.0f3\Editor\Data\UnityExtensions\Unity\GUISystem\UnityEngine.UI.dll (this message is harmless)
Loading C:\Program Files\Unity5.6.0f3\Editor\Data\UnityExtensions\Unity\GUISystem\UnityEngine.UI.dll into Unity Child Domain
Non platform assembly: C:\Program Files\Unity5.6.0f3\Editor\Data\UnityExtensions\Unity\GUISystem\Editor\UnityEditor.UI.dll (this message is harmless)
Loading C:\Program Files\Unity5.6.0f3\Editor\Data\UnityExtensions\Unity\GUISystem\Editor\UnityEditor.UI.dll into Unity Child Domain
Non platform assembly: C:\Program Files\Unity5.6.0f3\Editor\Data\UnityExtensions\Unity\Networking\UnityEngine.Networking.dll (this message is harmless)
Loading C:\Program Files\Unity5.6.0f3\Editor\Data\UnityExtensions\Unity\Networking\UnityEngine.Networking.dll into Unity Child Domain
Non platform assembly: C:\Program Files\Unity5.6.0f3\Editor\Data\UnityExtensions\Unity\Networking\Editor\UnityEditor.Networking.dll (this message is harmless)
Loading C:\Program Files\Unity5.6.0f3\Editor\Data\UnityExtensions\Unity\Networking\Editor\UnityEditor.Networking.dll into Unity Child Domain
Non platform assembly: C:\Program Files\Unity5.6.0f3\Editor\Data\UnityExtensions\Unity\TestRunner\Editor\UnityEditor.TestRunner.dll (this message is harmless)
Loading C:\Program Files\Unity5.6.0f3\Editor\Data\UnityExtensions\Unity\TestRunner\Editor\UnityEditor.TestRunner.dll into Unity Child Domain
Non platform assembly: C:\Program Files\Unity5.6.0f3\Editor\Data\UnityExtensions\Unity\TestRunner\UnityEngine.TestRunner.dll (this message is harmless)
Loading C:\Program Files\Unity5.6.0f3\Editor\Data\UnityExtensions\Unity\TestRunner\UnityEngine.TestRunner.dll into Unity Child Domain
Non platform assembly: C:\Program Files\Unity5.6.0f3\Editor\Data\UnityExtensions\Unity\TestRunner\nunit.framework.dll (this message is harmless)
Loading C:\Program Files\Unity5.6.0f3\Editor\Data\UnityExtensions\Unity\TestRunner\nunit.framework.dll into Unity Child Domain
Non platform assembly: C:\Program Files\Unity5.6.0f3\Editor\Data\UnityExtensions\Unity\TreeEditor\Editor\UnityEditor.TreeEditor.dll (this message is harmless)
Loading C:\Program Files\Unity5.6.0f3\Editor\Data\UnityExtensions\Unity\TreeEditor\Editor\UnityEditor.TreeEditor.dll into Unity Child Domain
Non platform assembly: C:\Program Files\Unity5.6.0f3\Editor\Data\UnityExtensions\Unity\UnityAnalytics\UnityEngine.Analytics.dll (this message is harmless)
Loading C:\Program Files\Unity5.6.0f3\Editor\Data\UnityExtensions\Unity\UnityAnalytics\UnityEngine.Analytics.dll into Unity Child Domain
Non platform assembly: C:\Program Files\Unity5.6.0f3\Editor\Data\UnityExtensions\Unity\UnityAnalytics\Editor\UnityEditor.Analytics.dll (this message is harmless)
Loading C:\Program Files\Unity5.6.0f3\Editor\Data\UnityExtensions\Unity\UnityAnalytics\Editor\UnityEditor.Analytics.dll into Unity Child Domain
Non platform assembly: C:\Program Files\Unity5.6.0f3\Editor\Data\UnityExtensions\Unity\UnityHoloLens\Editor\UnityEditor.HoloLens.dll (this message is harmless)
Loading C:\Program Files\Unity5.6.0f3\Editor\Data\UnityExtensions\Unity\UnityHoloLens\Editor\UnityEditor.HoloLens.dll into Unity Child Domain
Non platform assembly: C:\Program Files\Unity5.6.0f3\Editor\Data\UnityExtensions\Unity\UnityHoloLens\RuntimeEditor\UnityEngine.HoloLens.dll (this message is harmless)
Loading C:\Program Files\Unity5.6.0f3\Editor\Data\UnityExtensions\Unity\UnityHoloLens\RuntimeEditor\UnityEngine.HoloLens.dll into Unity Child Domain
Non platform assembly: C:\Program Files\Unity5.6.0f3\Editor\Data\UnityExtensions\Unity\UnityPurchasing\Editor\UnityEditor.Purchasing.dll (this message is harmless)
Loading C:\Program Files\Unity5.6.0f3\Editor\Data\UnityExtensions\Unity\UnityPurchasing\Editor\UnityEditor.Purchasing.dll into Unity Child Domain
Non platform assembly: C:\Program Files\Unity5.6.0f3\Editor\Data\UnityExtensions\Unity\UnityVR\Editor\UnityEditor.VR.dll (this message is harmless)
Loading C:\Program Files\Unity5.6.0f3\Editor\Data\UnityExtensions\Unity\UnityVR\Editor\UnityEditor.VR.dll into Unity Child Domain
Non platform assembly: C:\Program Files\Unity5.6.0f3\Editor\Data\UnityExtensions\Unity\UnityVR\RuntimeEditor\UnityEngine.VR.dll (this message is harmless)
Loading C:\Program Files\Unity5.6.0f3\Editor\Data\UnityExtensions\Unity\UnityVR\RuntimeEditor\UnityEngine.VR.dll into Unity Child Domain
Platform assembly: C:\Program Files\Unity5.6.0f3\Editor\Data\Managed\UnityEditor.Graphs.dll (this message is harmless)
Loading C:\Program Files\Unity5.6.0f3\Editor\Data\Managed\UnityEditor.Graphs.dll into Unity Child Domain
Platform assembly: C:\Program Files\Unity5.6.0f3\Editor\Data\PlaybackEngines\MetroSupport\UnityEditor.WSA.Extensions.dll (this message is harmless)
Loading C:\Program Files\Unity5.6.0f3\Editor\Data\PlaybackEngines\MetroSupport\UnityEditor.WSA.Extensions.dll into Unity Child Domain
Platform assembly: C:\Program Files\Unity5.6.0f3\Editor\Data\PlaybackEngines\LinuxStandaloneSupport\UnityEditor.LinuxStandalone.Extensions.dll (this message is harmless)
Loading C:\Program Files\Unity5.6.0f3\Editor\Data\PlaybackEngines\LinuxStandaloneSupport\UnityEditor.LinuxStandalone.Extensions.dll into Unity Child Domain
Platform assembly: C:\Program Files\Unity5.6.0f3\Editor\Data\PlaybackEngines\windowsstandalonesupport\UnityEditor.WindowsStandalone.Extensions.dll (this message is harmless)
Loading C:\Program Files\Unity5.6.0f3\Editor\Data\PlaybackEngines\windowsstandalonesupport\UnityEditor.WindowsStandalone.Extensions.dll into Unity Child Domain
Platform assembly: C:\Program Files\Unity5.6.0f3\Editor\Data\PlaybackEngines\MacStandaloneSupport\UnityEditor.OSXStandalone.Extensions.dll (this message is harmless)
Loading C:\Program Files\Unity5.6.0f3\Editor\Data\PlaybackEngines\MacStandaloneSupport\UnityEditor.OSXStandalone.Extensions.dll into Unity Child Domain
Non platform assembly: C:\Program Files (x86)\Microsoft Visual Studio Tools for Unity\15.0\Editor\SyntaxTree.VisualStudio.Unity.Bridge.dll (this message is harmless)
Loading C:\Program Files (x86)\Microsoft Visual Studio Tools for Unity\15.0\Editor\SyntaxTree.VisualStudio.Unity.Bridge.dll into Unity Child Domain
Platform assembly: C:\Program Files\Unity5.6.0f3\Editor\Data\Managed\Mono.Cecil.dll (this message is harmless)
Loading C:\Program Files\Unity5.6.0f3\Editor\Data\Managed\Mono.Cecil.dll into Unity Child Domain
Platform assembly: C:\Program Files\Unity5.6.0f3\Editor\Data\Mono\lib\mono\2.0\System.Core.dll (this message is harmless)
Refreshing native plugins compatible for Editor in 0.28 ms, found 4 plugins.
Preloading 2 native plugins for Editor in 0.13 ms.
Platform assembly: C:\Program Files\Unity5.6.0f3\Editor\Data\Managed\Unity.SerializationLogic.dll (this message is harmless)
Platform assembly: C:\Program Files\Unity5.6.0f3\Editor\Data\Managed\Unity.DataContract.dll (this message is harmless)
Platform assembly: C:\Program Files\Unity5.6.0f3\Editor\Data\Mono\lib\mono\2.0\UnityScript.dll (this message is harmless)
Platform assembly: C:\Program Files\Unity5.6.0f3\Editor\Data\Managed\ICSharpCode.NRefactory.dll (this message is harmless)
Platform assembly: C:\Program Files\Unity5.6.0f3\Editor\Data\Mono\lib\mono\2.0\System.Xml.Linq.dll (this message is harmless)
Platform assembly: C:\Program Files\Unity5.6.0f3\Editor\Data\Managed\Unity.IvyParser.dll (this message is harmless)
Platform assembly: C:\Program Files\Unity5.6.0f3\Editor\Data\Mono\lib\mono\2.0\System.Web.dll (this message is harmless)
Non platform assembly: C:\Program Files\Unity5.6.0f3\Editor\Data\UnityExtensions\Unity\UnityVR\Editor\UnityEditor.iOS.Extensions.Xcode.dll (this message is harmless)
Non platform assembly: C:\Program Files (x86)\Microsoft Visual Studio Tools for Unity\15.0\Editor\SyntaxTree.VisualStudio.Unity.Messaging.dll (this message is harmless)
Mono: successfully reloaded assembly
- Completed reload, in  0.299 seconds
Initializing Unity.PackageManager (PackageManager) v5.6.0 for Unity v5.6.0f3
Registering platform support modules:
Platform assembly: C:\Program Files\Unity5.6.0f3\Editor\Data\Mono\lib\mono\2.0\System.Drawing.dll (this message is harmless)
Platform assembly: C:\Program Files\Unity5.6.0f3\Editor\Data\Mono\lib\mono\2.0\System.Data.dll (this message is harmless)
Platform assembly: C:\Program Files\Unity5.6.0f3\Editor\Data\Mono\lib\mono\2.0\Boo.Lang.Compiler.dll (this message is harmless)
Platform assembly: C:\Program Files\Unity5.6.0f3\Editor\Data\Mono\lib\mono\2.0\Boo.Lang.dll (this message is harmless)
Platform assembly: C:\Program Files\Unity5.6.0f3\Editor\Data\Mono\lib\mono\2.0\Boo.Lang.Parser.dll (this message is harmless)
Platform assembly: C:\Program Files\Unity5.6.0f3\Editor\Data\Mono\lib\mono\2.0\UnityScript.Lang.dll (this message is harmless)
Registered platform support modules in: 0.0447734s.
Native extension for OSXStandalone target not found
Native extension for WindowsStandalone target not found
Native extension for LinuxStandalone target not found
Native extension for Metro target not found
Validating Project structure ... 0.000226 seconds.
Refresh: detecting if any assets need to be imported or removed ... Refresh: elapses 0.026029 seconds
Refreshing native plugins compatible for Editor in 0.28 ms, found 4 plugins.
Preloading 2 native plugins for Editor in 0.10 ms.

----- Total AssetImport time: 0.025665s, AssetImport time: 0.000001s, Asset hashing: 0.000000s [0 B, 0.000000 mb/s]

Warming cache for 72 main assets: 0.000125 seconds elapsed
Initializing Unity extensions:
Updating C:/Program Files/Unity5.6.0f3/Editor/Data/PlaybackEngines/MetroSupport/Managed/Store81/UnityEngine.Networking.dll - GUID: 67e9dad5654047ebbe623cce9dbf7b38...
 done. [Time: 27.412685 ms] 
- starting compile Library/ScriptAssemblies/Assembly-CSharp.dll, for buildtarget 5
Refreshing native plugins compatible for Editor in 0.60 ms, found 4 plugins.
Preloading 2 native plugins for Editor in 0.10 ms.

----- Total AssetImport time: 0.091893s, AssetImport time: 0.078897s, Asset hashing: 0.000000s [0 B, 0.000000 mb/s]

Updating C:/Program Files/Unity5.6.0f3/Editor/Data/PlaybackEngines/MetroSupport/Managed/Phone/UnityEngine.Networking.dll - GUID: f48df919adea4fa095a7407e773e5aa4...
 done. [Time: 5.750033 ms] 
- starting compile Library/ScriptAssemblies/Assembly-CSharp.dll, for buildtarget 5
Refreshing native plugins compatible for Editor in 0.54 ms, found 4 plugins.
Preloading 2 native plugins for Editor in 0.10 ms.

----- Total AssetImport time: 0.059861s, AssetImport time: 0.045965s, Asset hashing: 0.000000s [0 B, 0.000000 mb/s]

Updating C:/Program Files/Unity5.6.0f3/Editor/Data/PlaybackEngines/MetroSupport/Managed/UAP/UnityEngine.Networking.dll - GUID: 52a206b72a8f4f749c28d8b18b42dd19...
 done. [Time: 5.661123 ms] 
- starting compile Library/ScriptAssemblies/Assembly-CSharp.dll, for buildtarget 5
Refreshing native plugins compatible for Editor in 0.59 ms, found 4 plugins.
Preloading 2 native plugins for Editor in 0.10 ms.

----- Total AssetImport time: 0.062427s, AssetImport time: 0.048346s, Asset hashing: 0.000000s [0 B, 0.000000 mb/s]

 'C:/Program Files/Unity5.6.0f3/Editor/Data/UnityExtensions/Unity/UnityHoloLens/Editor/UnityEditor.HoloLens.dll'  GUID: 12fd8a0055b84bb59e84c9835a37e333
 'C:/Program Files/Unity5.6.0f3/Editor/Data/UnityExtensions/Unity/UnityAnalytics/UnityEngine.Analytics.dll'  GUID: 852e56802eb941638acbb491814497b0
 'C:/Program Files/Unity5.6.0f3/Editor/Data/UnityExtensions/Unity/TestRunner/portable/nunit.framework.dll'  GUID: 405b9b51bb344a128608d968297df79c
 'C:/Program Files/Unity5.6.0f3/Editor/Data/UnityExtensions/Unity/GUISystem/Standalone/UnityEngine.UI.dll'  GUID: f70555f144d8491a825f0804e09c671c
 'C:/Program Files/Unity5.6.0f3/Editor/Data/UnityExtensions/Unity/GUISystem/UnityEngine.UI.dll'  GUID: f5f67c52d1564df4a8936ccd202a3bd8
 'C:/Program Files/Unity5.6.0f3/Editor/Data/UnityExtensions/Unity/Networking/Standalone/UnityEngine.Networking.dll'  GUID: dc443db3e92b4983b9738c1131f555cb
 'C:/Program Files/Unity5.6.0f3/Editor/Data/UnityExtensions/Unity/Networking/Editor/UnityEditor.Networking.dll'  GUID: 5f32cd94baa94578a686d4b9d6b660f7
 'C:/Program Files/Unity5.6.0f3/Editor/Data/UnityExtensions/Unity/UnityAnalytics/Editor/UnityEditor.Analytics.dll'  GUID: 86f4de9468454445ac2f39e207fafa3a
 'C:/Program Files/Unity5.6.0f3/Editor/Data/UnityExtensions/Unity/UnityHoloLens/Runtime/UnityEngine.HoloLens.dll'  GUID: f7b54ff4a43d4fcf81b4538b678e0bcc
 'C:/Program Files/Unity5.6.0f3/Editor/Data/PlaybackEngines/MetroSupport/Managed/Store81/UnityEngine.Networking.dll'  GUID: 67e9dad5654047ebbe623cce9dbf7b38
 'C:/Program Files/Unity5.6.0f3/Editor/Data/PlaybackEngines/MetroSupport/Managed/UAP/UnityEngine.Networking.dll'  GUID: 52a206b72a8f4f749c28d8b18b42dd19
 'C:/Program Files/Unity5.6.0f3/Editor/Data/UnityExtensions/Unity/TreeEditor/Editor/UnityEditor.TreeEditor.dll'  GUID: adebbd281f1a4ef3a30be7f21937e02f
 'C:/Program Files/Unity5.6.0f3/Editor/Data/PlaybackEngines/MetroSupport/Managed/Phone/UnityEngine.Networking.dll'  GUID: f48df919adea4fa095a7407e773e5aa4
 'C:/Program Files/Unity5.6.0f3/Editor/Data/UnityExtensions/Unity/Networking/UnityEngine.Networking.dll'  GUID: 870353891bb340e2b2a9c8707e7419ba
 'C:/Program Files/Unity5.6.0f3/Editor/Data/UnityExtensions/Unity/TestRunner/UnityEngine.TestRunner.dll'  GUID: 53ebcfaa2e1e4e2dbc85882cd5a73fa1
 'C:/Program Files/Unity5.6.0f3/Editor/Data/UnityExtensions/Unity/Advertisements/Editor/UnityEditor.Advertisements.dll'  GUID: 97decbdab0634cdd991f8d23ddf0dead
 'C:/Program Files/Unity5.6.0f3/Editor/Data/UnityExtensions/Unity/TestRunner/standalone/nunit.framework.dll'  GUID: 4277762b3c154fab9f2e968e868bbbd7
 'C:/Program Files/Unity5.6.0f3/Editor/Data/UnityExtensions/Unity/UnityVR/Editor/UnityEditor.VR.dll'  GUID: 4ba2329b63d54f0187bcaa12486b1b0f
 'C:/Program Files/Unity5.6.0f3/Editor/Data/UnityExtensions/Unity/UnityPurchasing/Editor/UnityEditor.Purchasing.dll'  GUID: 8382b2bb260241859771b69b7f377a8d
 'C:/Program Files/Unity5.6.0f3/Editor/Data/UnityExtensions/Unity/UnityHoloLens/RuntimeEditor/UnityEngine.HoloLens.dll'  GUID: 1c6d1fbb51834b64847b1b73a75bfc77
 'C:/Program Files/Unity5.6.0f3/Editor/Data/UnityExtensions/Unity/UnityVR/RuntimeEditor/UnityEngine.VR.dll'  GUID: 307433eba81a469ab1e2084d52d1a5a2
 'C:/Program Files/Unity5.6.0f3/Editor/Data/UnityExtensions/Unity/TestRunner/nunit.framework.dll'  GUID: 6abf4b4cbfd0454e850ffc1ec9140b58
 'C:/Program Files/Unity5.6.0f3/Editor/Data/UnityExtensions/Unity/UnityVR/Runtime/UnityEngine.VR.dll'  GUID: 6cdf1e5c78d14720aaadccd4c792df96
 'C:/Program Files/Unity5.6.0f3/Editor/Data/UnityExtensions/Unity/GUISystem/Editor/UnityEditor.UI.dll'  GUID: 80a3616ca19596e4da0f10f14d241e9f
 'C:/Program Files/Unity5.6.0f3/Editor/Data/UnityExtensions/Unity/TestRunner/Editor/UnityEditor.TestRunner.dll'  GUID: 4113173d5e95493ab8765d7b08371de4
 'C:/Program Files/Unity5.6.0f3/Editor/Data/UnityExtensions/Unity/UnityPurchasing/UnityEngine.Purchasing.dll'  GUID: 8e0cd8ed44d4412cbe0642067abc9e44
 'C:/Program Files/Unity5.6.0f3/Editor/Data/UnityExtensions/Unity/Advertisements/UnityEngine.Advertisements.dll'  GUID: 739bbd9f364b4268874f9fd86ab3beef
Unloading 92 Unused Serialized files (Serialized files now loaded: 0)
System memory in use before: 20.4 MB.
System memory in use after: 20.3 MB.

Unloading 66 unused Assets to reduce memory usage. Loaded Objects now: 573.
Total: 0.710770 ms (FindLiveObjects: 0.056974 ms CreateObjectMapping: 0.012263 ms MarkObjects: 0.625436 ms  DeleteObjects: 0.015584 ms)

### BuildClient_BatchMode
##### Command line arguments + values: 
quit = True
batchmode = True
projectPath = C:\PersonalProjects\unity-delete-script-bug\test-project\
buildTarget = win32
executeMethod = Build.ClientBuilder.BuildClient_BatchMode
outputDir=C:\PersonalProjects\unity-delete-script-bug\_output\build_step_4\build.exe = 
logFile = C:\PersonalProjects\unity-delete-script-bug\_output\unity_editor_step_4.log
##### Constructed parameters: 
  * Target        : StandaloneWindows
  * TargetGroup   : Standalone
  * OutputDir     : C:\PersonalProjects\unity-delete-script-bug\_output\build_step_4\build.exe
#### BuildClient: Start
#### BuildClient: Switching target to StandaloneWindows
#### BuildClient: Build player output to C:\PersonalProjects\unity-delete-script-bug\_output\build_step_4\build.exe
Platform assembly: C:\Program Files\Unity5.6.0f3\Editor\Data\Managed\Unity.CecilTools.dll (this message is harmless)
BuildPlayer: start building target 5
    Ignoring 'C:/Program Files/Unity5.6.0f3/Editor/Data/PlaybackEngines/MetroSupport/Managed/Phone/UnityEngine.Networking.dll' because we're compiling for Standalone:WindowsStandaloneSupport
    Ignoring 'C:/Program Files/Unity5.6.0f3/Editor/Data/PlaybackEngines/MetroSupport/Managed/Store81/UnityEngine.Networking.dll' because we're compiling for Standalone:WindowsStandaloneSupport
    Ignoring 'C:/Program Files/Unity5.6.0f3/Editor/Data/PlaybackEngines/MetroSupport/Managed/UAP/UnityEngine.Networking.dll' because we're compiling for Standalone:WindowsStandaloneSupport
    Ignoring 'C:/Program Files/Unity5.6.0f3/Editor/Data/UnityExtensions/Unity/Advertisements/Editor/UnityEditor.Advertisements.dll' because we're compiling for Standalone:WindowsStandaloneSupport
    Ignoring 'C:/Program Files/Unity5.6.0f3/Editor/Data/UnityExtensions/Unity/Advertisements/UnityEngine.Advertisements.dll' because we're compiling for Standalone:WindowsStandaloneSupport
    Ignoring 'C:/Program Files/Unity5.6.0f3/Editor/Data/UnityExtensions/Unity/GUISystem/Editor/UnityEditor.UI.dll' because we're compiling for Standalone:WindowsStandaloneSupport
    Ignoring 'C:/Program Files/Unity5.6.0f3/Editor/Data/UnityExtensions/Unity/GUISystem/UnityEngine.UI.dll' because we're compiling for Standalone:WindowsStandaloneSupport
    Ignoring 'C:/Program Files/Unity5.6.0f3/Editor/Data/UnityExtensions/Unity/Networking/Editor/UnityEditor.Networking.dll' because we're compiling for Standalone:WindowsStandaloneSupport
    Ignoring 'C:/Program Files/Unity5.6.0f3/Editor/Data/UnityExtensions/Unity/Networking/UnityEngine.Networking.dll' because we're compiling for Standalone:WindowsStandaloneSupport
    Ignoring 'C:/Program Files/Unity5.6.0f3/Editor/Data/UnityExtensions/Unity/TestRunner/Editor/UnityEditor.TestRunner.dll' because we're compiling for Standalone:WindowsStandaloneSupport
    Ignoring 'C:/Program Files/Unity5.6.0f3/Editor/Data/UnityExtensions/Unity/TestRunner/UnityEngine.TestRunner.dll' because we're compiling for Standalone:WindowsStandaloneSupport
    Ignoring 'C:/Program Files/Unity5.6.0f3/Editor/Data/UnityExtensions/Unity/TestRunner/nunit.framework.dll' because we're compiling for Standalone:WindowsStandaloneSupport
    Ignoring 'C:/Program Files/Unity5.6.0f3/Editor/Data/UnityExtensions/Unity/TestRunner/portable/nunit.framework.dll' because we're compiling for Standalone:WindowsStandaloneSupport
    Ignoring 'C:/Program Files/Unity5.6.0f3/Editor/Data/UnityExtensions/Unity/TestRunner/standalone/nunit.framework.dll' because we're compiling for Standalone:WindowsStandaloneSupport
    Ignoring 'C:/Program Files/Unity5.6.0f3/Editor/Data/UnityExtensions/Unity/TreeEditor/Editor/UnityEditor.TreeEditor.dll' because we're compiling for Standalone:WindowsStandaloneSupport
    Ignoring 'C:/Program Files/Unity5.6.0f3/Editor/Data/UnityExtensions/Unity/UnityAnalytics/Editor/UnityEditor.Analytics.dll' because we're compiling for Standalone:WindowsStandaloneSupport
    Ignoring 'C:/Program Files/Unity5.6.0f3/Editor/Data/UnityExtensions/Unity/UnityAnalytics/UnityEngine.Analytics.dll' because we're compiling for Standalone:WindowsStandaloneSupport
    Ignoring 'C:/Program Files/Unity5.6.0f3/Editor/Data/UnityExtensions/Unity/UnityHoloLens/Editor/UnityEditor.HoloLens.dll' because we're compiling for Standalone:WindowsStandaloneSupport
    Ignoring 'C:/Program Files/Unity5.6.0f3/Editor/Data/UnityExtensions/Unity/UnityHoloLens/Runtime/UnityEngine.HoloLens.dll' because we're compiling for Standalone:WindowsStandaloneSupport
    Ignoring 'C:/Program Files/Unity5.6.0f3/Editor/Data/UnityExtensions/Unity/UnityHoloLens/RuntimeEditor/UnityEngine.HoloLens.dll' because we're compiling for Standalone:WindowsStandaloneSupport
    Ignoring 'C:/Program Files/Unity5.6.0f3/Editor/Data/UnityExtensions/Unity/UnityPurchasing/Editor/UnityEditor.Purchasing.dll' because we're compiling for Standalone:WindowsStandaloneSupport
    Ignoring 'C:/Program Files/Unity5.6.0f3/Editor/Data/UnityExtensions/Unity/UnityPurchasing/UnityEngine.Purchasing.dll' because we're compiling for Standalone:WindowsStandaloneSupport
    Ignoring 'C:/Program Files/Unity5.6.0f3/Editor/Data/UnityExtensions/Unity/UnityVR/Editor/UnityEditor.VR.dll' because we're compiling for Standalone:WindowsStandaloneSupport
    Ignoring 'C:/Program Files/Unity5.6.0f3/Editor/Data/UnityExtensions/Unity/UnityVR/Runtime/UnityEngine.VR.dll' because we're compiling for Standalone:WindowsStandaloneSupport
    Ignoring 'C:/Program Files/Unity5.6.0f3/Editor/Data/UnityExtensions/Unity/UnityVR/RuntimeEditor/UnityEngine.VR.dll' because we're compiling for Standalone:WindowsStandaloneSupport
- starting compile Library/ScriptAssemblies/Assembly-CSharp.dll, for buildtarget 5
- Finished compile Library/ScriptAssemblies/Assembly-CSharp.dll
WeaveUnetFromEditor Temp/Assembly-CSharp.dll
Platform assembly: C:\Program Files\Unity5.6.0f3\Editor\Data\Managed\Unity.UNetWeaver.dll (this message is harmless)
    Ignoring 'C:/Program Files/Unity5.6.0f3/Editor/Data/UnityExtensions/Unity/Advertisements/UnityEngine.Advertisements.dll' because we're compiling for Editor:Editor
    Ignoring 'C:/Program Files/Unity5.6.0f3/Editor/Data/UnityExtensions/Unity/GUISystem/Standalone/UnityEngine.UI.dll' because we're compiling for Editor:Editor
    Ignoring 'C:/Program Files/Unity5.6.0f3/Editor/Data/UnityExtensions/Unity/Networking/Standalone/UnityEngine.Networking.dll' because we're compiling for Editor:Editor
    Ignoring 'C:/Program Files/Unity5.6.0f3/Editor/Data/UnityExtensions/Unity/TestRunner/standalone/nunit.framework.dll' because we're compiling for Editor:Editor
    Ignoring 'C:/Program Files/Unity5.6.0f3/Editor/Data/UnityExtensions/Unity/UnityHoloLens/Runtime/UnityEngine.HoloLens.dll' because we're compiling for Editor:Editor
    Ignoring 'C:/Program Files/Unity5.6.0f3/Editor/Data/UnityExtensions/Unity/UnityPurchasing/UnityEngine.Purchasing.dll' because we're compiling for Editor:Editor
    Ignoring 'C:/Program Files/Unity5.6.0f3/Editor/Data/UnityExtensions/Unity/UnityVR/Runtime/UnityEngine.VR.dll' because we're compiling for Editor:Editor
WeaveAssemblies unityPath= C:/Program Files/Unity5.6.0f3/Editor/Data/Managed/UnityEngine.dll
WeaveAssemblies unetPath= C:/Program Files/Unity5.6.0f3/Editor/Data/UnityExtensions/Unity/Networking/UnityEngine.Networking.dll
Platform assembly: C:\Program Files\Unity5.6.0f3\Editor\Data\Managed\Mono.Cecil.Pdb.dll (this message is harmless)
Platform assembly: C:\Program Files\Unity5.6.0f3\Editor\Data\Managed\Mono.Cecil.Mdb.dll (this message is harmless)
Symbols will be read from Temp/Assembly-CSharp.dll.mdb
Script Module: Assembly-CSharp.dll
Pass: 0 took 3 milliseconds
Pass: 1 took 1 milliseconds
    Ignoring 'C:/Program Files/Unity5.6.0f3/Editor/Data/PlaybackEngines/MetroSupport/Managed/Phone/UnityEngine.Networking.dll' because we're compiling for Standalone:WindowsStandaloneSupport
    Ignoring 'C:/Program Files/Unity5.6.0f3/Editor/Data/PlaybackEngines/MetroSupport/Managed/Store81/UnityEngine.Networking.dll' because we're compiling for Standalone:WindowsStandaloneSupport
    Ignoring 'C:/Program Files/Unity5.6.0f3/Editor/Data/PlaybackEngines/MetroSupport/Managed/UAP/UnityEngine.Networking.dll' because we're compiling for Standalone:WindowsStandaloneSupport
    Ignoring 'C:/Program Files/Unity5.6.0f3/Editor/Data/UnityExtensions/Unity/Advertisements/Editor/UnityEditor.Advertisements.dll' because we're compiling for Standalone:WindowsStandaloneSupport
    Ignoring 'C:/Program Files/Unity5.6.0f3/Editor/Data/UnityExtensions/Unity/Advertisements/UnityEngine.Advertisements.dll' because we're compiling for Standalone:WindowsStandaloneSupport
    Ignoring 'C:/Program Files/Unity5.6.0f3/Editor/Data/UnityExtensions/Unity/GUISystem/Editor/UnityEditor.UI.dll' because we're compiling for Standalone:WindowsStandaloneSupport
    Ignoring 'C:/Program Files/Unity5.6.0f3/Editor/Data/UnityExtensions/Unity/GUISystem/UnityEngine.UI.dll' because we're compiling for Standalone:WindowsStandaloneSupport
    Ignoring 'C:/Program Files/Unity5.6.0f3/Editor/Data/UnityExtensions/Unity/Networking/Editor/UnityEditor.Networking.dll' because we're compiling for Standalone:WindowsStandaloneSupport
    Ignoring 'C:/Program Files/Unity5.6.0f3/Editor/Data/UnityExtensions/Unity/Networking/UnityEngine.Networking.dll' because we're compiling for Standalone:WindowsStandaloneSupport
    Ignoring 'C:/Program Files/Unity5.6.0f3/Editor/Data/UnityExtensions/Unity/TestRunner/Editor/UnityEditor.TestRunner.dll' because we're compiling for Standalone:WindowsStandaloneSupport
    Ignoring 'C:/Program Files/Unity5.6.0f3/Editor/Data/UnityExtensions/Unity/TestRunner/UnityEngine.TestRunner.dll' because we're compiling for Standalone:WindowsStandaloneSupport
    Ignoring 'C:/Program Files/Unity5.6.0f3/Editor/Data/UnityExtensions/Unity/TestRunner/nunit.framework.dll' because we're compiling for Standalone:WindowsStandaloneSupport
    Ignoring 'C:/Program Files/Unity5.6.0f3/Editor/Data/UnityExtensions/Unity/TestRunner/portable/nunit.framework.dll' because we're compiling for Standalone:WindowsStandaloneSupport
    Ignoring 'C:/Program Files/Unity5.6.0f3/Editor/Data/UnityExtensions/Unity/TestRunner/standalone/nunit.framework.dll' because we're compiling for Standalone:WindowsStandaloneSupport
    Ignoring 'C:/Program Files/Unity5.6.0f3/Editor/Data/UnityExtensions/Unity/TreeEditor/Editor/UnityEditor.TreeEditor.dll' because we're compiling for Standalone:WindowsStandaloneSupport
    Ignoring 'C:/Program Files/Unity5.6.0f3/Editor/Data/UnityExtensions/Unity/UnityAnalytics/Editor/UnityEditor.Analytics.dll' because we're compiling for Standalone:WindowsStandaloneSupport
    Ignoring 'C:/Program Files/Unity5.6.0f3/Editor/Data/UnityExtensions/Unity/UnityAnalytics/UnityEngine.Analytics.dll' because we're compiling for Standalone:WindowsStandaloneSupport
    Ignoring 'C:/Program Files/Unity5.6.0f3/Editor/Data/UnityExtensions/Unity/UnityHoloLens/Editor/UnityEditor.HoloLens.dll' because we're compiling for Standalone:WindowsStandaloneSupport
    Ignoring 'C:/Program Files/Unity5.6.0f3/Editor/Data/UnityExtensions/Unity/UnityHoloLens/Runtime/UnityEngine.HoloLens.dll' because we're compiling for Standalone:WindowsStandaloneSupport
    Ignoring 'C:/Program Files/Unity5.6.0f3/Editor/Data/UnityExtensions/Unity/UnityHoloLens/RuntimeEditor/UnityEngine.HoloLens.dll' because we're compiling for Standalone:WindowsStandaloneSupport
    Ignoring 'C:/Program Files/Unity5.6.0f3/Editor/Data/UnityExtensions/Unity/UnityPurchasing/Editor/UnityEditor.Purchasing.dll' because we're compiling for Standalone:WindowsStandaloneSupport
    Ignoring 'C:/Program Files/Unity5.6.0f3/Editor/Data/UnityExtensions/Unity/UnityPurchasing/UnityEngine.Purchasing.dll' because we're compiling for Standalone:WindowsStandaloneSupport
    Ignoring 'C:/Program Files/Unity5.6.0f3/Editor/Data/UnityExtensions/Unity/UnityVR/Editor/UnityEditor.VR.dll' because we're compiling for Standalone:WindowsStandaloneSupport
    Ignoring 'C:/Program Files/Unity5.6.0f3/Editor/Data/UnityExtensions/Unity/UnityVR/Runtime/UnityEngine.VR.dll' because we're compiling for Standalone:WindowsStandaloneSupport
    Ignoring 'C:/Program Files/Unity5.6.0f3/Editor/Data/UnityExtensions/Unity/UnityVR/RuntimeEditor/UnityEngine.VR.dll' because we're compiling for Standalone:WindowsStandaloneSupport
DisplayProgressbar: Building Player
Packing sprites:
[     36 MB ]Platform assembly: C:\Program Files\Unity5.6.0f3\Editor\Data\Mono\lib\mono\2.0\System.Transactions.dll (this message is harmless)
Platform assembly: C:\Program Files\Unity5.6.0f3\Editor\Data\Mono\lib\mono\2.0\Mono.Data.Tds.dll (this message is harmless)
- Collect Sprites to Pack 
[     36 MB ]- Grouping sprites using the selected SpritePackerPolicy.
[     36 MB ][     36 MB ]- Completed grouping sprites to Atlas.
[     36 MB ]- Build Sprite Atlas. 
[     36 MB ]- Packing 0 atlases.
[     36 MB ]- Packing completed.
[     36 MB ]- Update Sprites and Cleanup. 
[     36 MB ]Opening scene 'Assets/Scene.unity'
Load scene 'Assets/Scene.unity' time: 0.007920 ms 
Unloading 3 Unused Serialized files (Serialized files now loaded: 0)
System memory in use before: 37.0 MB.
System memory in use after: 37.0 MB.

Unloading 9 unused Assets to reduce memory usage. Loaded Objects now: 2523.
Total: 5.541299 ms (FindLiveObjects: 0.134898 ms CreateObjectMapping: 0.020183 ms MarkObjects: 5.017546 ms  DeleteObjects: 0.367904 ms)

[00:00:00] Enlighten: Precompute started.
[00:00:00] Enlighten: Finished 1 Layout Systems job (0.00s execute, 0.00s integrate, 0.00s wallclock)
[PathTracer][LP] Issuing deduplication and tetrahedralization job. Combined: 80257199cfa681a16be5e09b3c2208f4, tetrahedralized probes: 00000000000000000000000000000000, non-tetrahedralized probes: 00000000000000000000000000000000, dependencies: 00000000000000000000000000000000
[00:00:00] Enlighten: Finished 1 Tetrahedralize Probes job (0.00s execute, 0.00s integrate, 0.01s wallclock)
[00:00:00] Enlighten: Precompute took 0.010038 seconds.
Enlighten scene contents:   0 geometries.   0 instances.   0 systems.   0 probe groups.   0 cube maps. Scene is up-to-date.
[00:00:00] Enlighten: Bake started.
[PathTracer][LP] Integrating deduplicated and tetrahedralized probes for hash 80257199cfa681a16be5e09b3c2208f4.
Launched and connected shader compiler UnityShaderCompiler.exe after 0.03 seconds
Setting up 4 worker threads for Enlighten.
  Thread -> id: 3fb0 -> priority: 1 
  Thread -> id: b234 -> priority: 1 
  Thread -> id: aa84 -> priority: 1 
  Thread -> id: 2754 -> priority: 1 
[00:00:00] Enlighten: Finished 1 Bake Runtime job (0.02s execute, 0.00s integrate, 0.05s wallclock)
[00:00:00] Enlighten: Bake took 0.048781 seconds.
[PathTracer] Lightmap reset.
[PathTracer][LP] Light probes reset.
[PathTracer] building lightmap data asset.
[00:00:00] Enlighten: Reflection Probes started.
[00:00:00] Enlighten: Finished 1 Ambient Probes job (0.00s execute, 0.00s integrate, 0.01s wallclock)
[00:00:00] Enlighten: Finished 1 Reflection Probes job (0.00s execute, 0.00s integrate, 0.01s wallclock)
Script attached to 'Main Camera' in scene 'Assets/Scene.unity' is missing or no valid script is attached.
UnityEditor.BuildPipeline:BuildPlayerInternalNoCheck(String[], String, String, BuildTargetGroup, BuildTarget, BuildOptions, Boolean)
UnityEditor.BuildPipeline:BuildPlayerInternal(String[], String, String, BuildTargetGroup, BuildTarget, BuildOptions) (at C:\buildslave\unity\build\artifacts\generated\common\editor\BuildPipelineBindings.gen.cs:308)
UnityEditor.BuildPipeline:BuildPlayer(String[], String, String, BuildTargetGroup, BuildTarget, BuildOptions) (at C:\buildslave\unity\build\artifacts\generated\common\editor\BuildPipelineBindings.gen.cs:242)
UnityEditor.BuildPipeline:BuildPlayer(BuildPlayerOptions) (at C:\buildslave\unity\build\artifacts\generated\common\editor\BuildPipelineBindings.gen.cs:205)
UnityEditor.BuildPipeline:BuildPlayer(String[], String, BuildTarget, BuildOptions) (at C:\buildslave\unity\build\artifacts\generated\common\editor\BuildPipelineBindings.gen.cs:199)
Build.ClientBuilder:BuildClient(BuildArgs, String[]) (at Assets\Tools\Build\Editor\ClientBuilder.cs:44)
Build.ClientBuilder:BuildClient_BatchMode() (at Assets\Tools\Build\Editor\ClientBuilder.cs:27)

[C:\buildslave\unity\build\Runtime/Mono/MonoBehaviourSerialization_Editor.cpp line 663] 
(Filename: Assets/Tools/Build/Editor/ClientBuilder.cs Line: 44)

Refreshing native plugins compatible for Editor in 0.26 ms, found 4 plugins.


Mono dependencies included in the build
Dependency assembly - Mono.Security.dll
Dependency assembly - System.Core.dll
Dependency assembly - System.dll
Dependency assembly - mscorlib.dll
Dependency assembly - UnityEngine.UI.dll
Dependency assembly - UnityEngine.Networking.dll
Dependency assembly - Assembly-CSharp.dll

Unloading 2 Unused Serialized files (Serialized files now loaded: 0)
System memory in use before: 38.4 MB.
System memory in use after: 38.5 MB.

Unloading 10 unused Assets to reduce memory usage. Loaded Objects now: 2510.
Total: 6.085235 ms (FindLiveObjects: 0.152782 ms CreateObjectMapping: 0.021461 ms MarkObjects: 5.511151 ms  DeleteObjects: 0.398307 ms)

Unloading 1 Unused Serialized files (Serialized files now loaded: 0)
System memory in use before: 38.3 MB.
System memory in use after: 38.5 MB.

Unloading 0 unused Assets to reduce memory usage. Loaded Objects now: 2523.
Total: 5.214273 ms (FindLiveObjects: 0.120590 ms CreateObjectMapping: 0.019417 ms MarkObjects: 5.069155 ms  DeleteObjects: 0.004598 ms)

WARNING: Shader Unsupported: 'Hidden/VideoDecodeOSX' - Pass 'FLIP_RGBARECT_TO_RGBA' has no vertex shader
WARNING: Shader Unsupported: 'Hidden/VideoDecodeOSX' - Setting to default shader.
WARNING: Shader Unsupported: 'Hidden/VideoDecodeAndroid' - Pass 'RGBAEXTERNAL_TO_RGBA' has no vertex shader
WARNING: Shader Unsupported: 'Hidden/VideoDecodeAndroid' - Setting to default shader.
Unloading 1 Unused Serialized files (Serialized files now loaded: 0)
System memory in use before: 62.7 MB.
System memory in use after: 38.7 MB.

Unloading 129 unused Assets to reduce memory usage. Loaded Objects now: 2509.
Total: 16.928696 ms (FindLiveObjects: 0.094530 ms CreateObjectMapping: 0.021205 ms MarkObjects: 4.938856 ms  DeleteObjects: 11.873336 ms)

Launched and connected shader compiler UnityShaderCompiler.exe after 0.02 seconds
Launched and connected shader compiler UnityShaderCompiler.exe after 0.03 seconds
Launched and connected shader compiler UnityShaderCompiler.exe after 0.03 seconds
Launched and connected shader compiler UnityShaderCompiler.exe after 0.02 seconds
Launched and connected shader compiler UnityShaderCompiler.exe after 0.03 seconds
Launched and connected shader compiler UnityShaderCompiler.exe after 0.02 seconds
Launched and connected shader compiler UnityShaderCompiler.exe after 0.02 seconds

Textures      0.0 kb	 0.0% 
Meshes        0.0 kb	 0.0% 
Animations    0.0 kb	 0.0% 
Sounds        0.0 kb	 0.0% 
Shaders       18.9 kb	 0.4% 
Other Assets  0.9 kb	 0.0% 
Levels        5.3 kb	 0.1% 
Scripts       504.6 kb	 11.0% 
Included DLLs 3.9 mb	 88.2% 
File headers  8.9 kb	 0.2% 
Complete size 4.5 mb	 100.0% 

Used Assets and files from the Resources folder, sorted by uncompressed size:
 19.4 kb	 0.4% Resources/unity_builtin_extra
 4.1 kb	 0.1% C:/Program Files/Unity5.6.0f3/Editor/Data/UnityExtensions/Unity/GUISystem/UnityEngine.UI.dll
 4.1 kb	 0.1% C:/Program Files/Unity5.6.0f3/Editor/Data/UnityExtensions/Unity/GUISystem/Standalone/UnityEngine.UI.dll
 1.8 kb	 0.0% C:/Program Files/Unity5.6.0f3/Editor/Data/UnityExtensions/Unity/Networking/UnityEngine.Networking.dll
 1.8 kb	 0.0% C:/Program Files/Unity5.6.0f3/Editor/Data/UnityExtensions/Unity/Networking/Standalone/UnityEngine.Networking.dll
 0.7 kb	 0.0% C:/Program Files/Unity5.6.0f3/Editor/Data/UnityExtensions/Unity/UnityHoloLens/RuntimeEditor/UnityEngine.HoloLens.dll
 0.7 kb	 0.0% C:/Program Files/Unity5.6.0f3/Editor/Data/UnityExtensions/Unity/UnityHoloLens/Runtime/UnityEngine.HoloLens.dll
 0.3 kb	 0.0% C:/Program Files/Unity5.6.0f3/Editor/Data/UnityExtensions/Unity/TestRunner/UnityEngine.TestRunner.dll
 0.3 kb	 0.0% C:/Program Files/Unity5.6.0f3/Editor/Data/UnityExtensions/Unity/Advertisements/UnityEngine.Advertisements.dll
 0.1 kb	 0.0% C:/Program Files/Unity5.6.0f3/Editor/Data/UnityExtensions/Unity/UnityAnalytics/UnityEngine.Analytics.dll
 0.1 kb	 0.0% C:/Program Files/Unity5.6.0f3/Editor/Data/UnityExtensions/Unity/UnityPurchasing/UnityEngine.Purchasing.dll
 0.1 kb	 0.0% Assets/MyFolder/MyScriptB.cs
 0.1 kb	 0.0% Assets/MyFolder/MyScriptA.cs
DisplayProgressNotification: Build Successful
Unloading 1 Unused Serialized files (Serialized files now loaded: 0)
System memory in use before: 38.5 MB.
System memory in use after: 38.5 MB.

Unloading 9 unused Assets to reduce memory usage. Loaded Objects now: 2524.
Total: 5.605937 ms (FindLiveObjects: 0.147672 ms CreateObjectMapping: 0.021205 ms MarkObjects: 5.047694 ms  DeleteObjects: 0.388343 ms)

    Ignoring 'C:/Program Files/Unity5.6.0f3/Editor/Data/UnityExtensions/Unity/Advertisements/UnityEngine.Advertisements.dll' because we're compiling for Editor:Editor
    Ignoring 'C:/Program Files/Unity5.6.0f3/Editor/Data/UnityExtensions/Unity/GUISystem/Standalone/UnityEngine.UI.dll' because we're compiling for Editor:Editor
    Ignoring 'C:/Program Files/Unity5.6.0f3/Editor/Data/UnityExtensions/Unity/Networking/Standalone/UnityEngine.Networking.dll' because we're compiling for Editor:Editor
    Ignoring 'C:/Program Files/Unity5.6.0f3/Editor/Data/UnityExtensions/Unity/TestRunner/standalone/nunit.framework.dll' because we're compiling for Editor:Editor
    Ignoring 'C:/Program Files/Unity5.6.0f3/Editor/Data/UnityExtensions/Unity/UnityHoloLens/Runtime/UnityEngine.HoloLens.dll' because we're compiling for Editor:Editor
    Ignoring 'C:/Program Files/Unity5.6.0f3/Editor/Data/UnityExtensions/Unity/UnityPurchasing/UnityEngine.Purchasing.dll' because we're compiling for Editor:Editor
    Ignoring 'C:/Program Files/Unity5.6.0f3/Editor/Data/UnityExtensions/Unity/UnityVR/Runtime/UnityEngine.VR.dll' because we're compiling for Editor:Editor
    Ignoring 'C:/Program Files/Unity5.6.0f3/Editor/Data/UnityExtensions/Unity/Advertisements/UnityEngine.Advertisements.dll' because we're compiling for Editor:Editor
    Ignoring 'C:/Program Files/Unity5.6.0f3/Editor/Data/UnityExtensions/Unity/GUISystem/Standalone/UnityEngine.UI.dll' because we're compiling for Editor:Editor
    Ignoring 'C:/Program Files/Unity5.6.0f3/Editor/Data/UnityExtensions/Unity/Networking/Standalone/UnityEngine.Networking.dll' because we're compiling for Editor:Editor
    Ignoring 'C:/Program Files/Unity5.6.0f3/Editor/Data/UnityExtensions/Unity/TestRunner/standalone/nunit.framework.dll' because we're compiling for Editor:Editor
    Ignoring 'C:/Program Files/Unity5.6.0f3/Editor/Data/UnityExtensions/Unity/UnityHoloLens/Runtime/UnityEngine.HoloLens.dll' because we're compiling for Editor:Editor
    Ignoring 'C:/Program Files/Unity5.6.0f3/Editor/Data/UnityExtensions/Unity/UnityPurchasing/UnityEngine.Purchasing.dll' because we're compiling for Editor:Editor
    Ignoring 'C:/Program Files/Unity5.6.0f3/Editor/Data/UnityExtensions/Unity/UnityVR/Runtime/UnityEngine.VR.dll' because we're compiling for Editor:Editor
- starting compile Library/ScriptAssemblies/Assembly-CSharp.dll, for buildtarget 5
Load scene 'Temp/__Backupscenes/0.backup' time: 0.012007 ms 
Unloading 0 Unused Serialized files (Serialized files now loaded: 0)
[00:00:00] Enlighten: Reflection Probes took 0.906190 seconds. Cancelled, so not done yet.
System memory in use before: 38.3 MB.
System memory in use after: 38.5 MB.

Unloading 0 unused Assets to reduce memory usage. Loaded Objects now: 2513.
Total: 5.219383 ms (FindLiveObjects: 0.147928 ms CreateObjectMapping: 0.020439 ms MarkObjects: 5.045906 ms  DeleteObjects: 0.004087 ms)


*** Completed 'Build.Player.WindowsStandaloneSupport' in 2 seconds (2090 ms)

#### BuildClient: End
- Finished compile Library/ScriptAssemblies/Assembly-CSharp.dll
WeaveUnetFromEditor Temp/Assembly-CSharp.dll
    Ignoring 'C:/Program Files/Unity5.6.0f3/Editor/Data/UnityExtensions/Unity/Advertisements/UnityEngine.Advertisements.dll' because we're compiling for Editor:Editor
    Ignoring 'C:/Program Files/Unity5.6.0f3/Editor/Data/UnityExtensions/Unity/GUISystem/Standalone/UnityEngine.UI.dll' because we're compiling for Editor:Editor
    Ignoring 'C:/Program Files/Unity5.6.0f3/Editor/Data/UnityExtensions/Unity/Networking/Standalone/UnityEngine.Networking.dll' because we're compiling for Editor:Editor
    Ignoring 'C:/Program Files/Unity5.6.0f3/Editor/Data/UnityExtensions/Unity/TestRunner/standalone/nunit.framework.dll' because we're compiling for Editor:Editor
    Ignoring 'C:/Program Files/Unity5.6.0f3/Editor/Data/UnityExtensions/Unity/UnityHoloLens/Runtime/UnityEngine.HoloLens.dll' because we're compiling for Editor:Editor
    Ignoring 'C:/Program Files/Unity5.6.0f3/Editor/Data/UnityExtensions/Unity/UnityPurchasing/UnityEngine.Purchasing.dll' because we're compiling for Editor:Editor
    Ignoring 'C:/Program Files/Unity5.6.0f3/Editor/Data/UnityExtensions/Unity/UnityVR/Runtime/UnityEngine.VR.dll' because we're compiling for Editor:Editor
WeaveAssemblies unityPath= C:/Program Files/Unity5.6.0f3/Editor/Data/Managed/UnityEngine.dll
WeaveAssemblies unetPath= C:/Program Files/Unity5.6.0f3/Editor/Data/UnityExtensions/Unity/Networking/UnityEngine.Networking.dll
Symbols will be read from Temp/Assembly-CSharp.dll.mdb
Script Module: Assembly-CSharp.dll
Pass: 0 took 3 milliseconds
Pass: 1 took 0 milliseconds
    Ignoring 'C:/Program Files/Unity5.6.0f3/Editor/Data/UnityExtensions/Unity/Advertisements/UnityEngine.Advertisements.dll' because we're compiling for Editor:Editor
    Ignoring 'C:/Program Files/Unity5.6.0f3/Editor/Data/UnityExtensions/Unity/GUISystem/Standalone/UnityEngine.UI.dll' because we're compiling for Editor:Editor
    Ignoring 'C:/Program Files/Unity5.6.0f3/Editor/Data/UnityExtensions/Unity/Networking/Standalone/UnityEngine.Networking.dll' because we're compiling for Editor:Editor
    Ignoring 'C:/Program Files/Unity5.6.0f3/Editor/Data/UnityExtensions/Unity/TestRunner/standalone/nunit.framework.dll' because we're compiling for Editor:Editor
    Ignoring 'C:/Program Files/Unity5.6.0f3/Editor/Data/UnityExtensions/Unity/UnityHoloLens/Runtime/UnityEngine.HoloLens.dll' because we're compiling for Editor:Editor
    Ignoring 'C:/Program Files/Unity5.6.0f3/Editor/Data/UnityExtensions/Unity/UnityPurchasing/UnityEngine.Purchasing.dll' because we're compiling for Editor:Editor
    Ignoring 'C:/Program Files/Unity5.6.0f3/Editor/Data/UnityExtensions/Unity/UnityVR/Runtime/UnityEngine.VR.dll' because we're compiling for Editor:Editor
- starting compile Library/ScriptAssemblies/Assembly-CSharp-Editor.dll, for buildtarget 5
- Finished compile Library/ScriptAssemblies/Assembly-CSharp-Editor.dll
WeaveUnetFromEditor Temp/Assembly-CSharp-Editor.dll
    Ignoring 'C:/Program Files/Unity5.6.0f3/Editor/Data/UnityExtensions/Unity/Advertisements/UnityEngine.Advertisements.dll' because we're compiling for Editor:Editor
    Ignoring 'C:/Program Files/Unity5.6.0f3/Editor/Data/UnityExtensions/Unity/GUISystem/Standalone/UnityEngine.UI.dll' because we're compiling for Editor:Editor
    Ignoring 'C:/Program Files/Unity5.6.0f3/Editor/Data/UnityExtensions/Unity/Networking/Standalone/UnityEngine.Networking.dll' because we're compiling for Editor:Editor
    Ignoring 'C:/Program Files/Unity5.6.0f3/Editor/Data/UnityExtensions/Unity/TestRunner/standalone/nunit.framework.dll' because we're compiling for Editor:Editor
    Ignoring 'C:/Program Files/Unity5.6.0f3/Editor/Data/UnityExtensions/Unity/UnityHoloLens/Runtime/UnityEngine.HoloLens.dll' because we're compiling for Editor:Editor
    Ignoring 'C:/Program Files/Unity5.6.0f3/Editor/Data/UnityExtensions/Unity/UnityPurchasing/UnityEngine.Purchasing.dll' because we're compiling for Editor:Editor
    Ignoring 'C:/Program Files/Unity5.6.0f3/Editor/Data/UnityExtensions/Unity/UnityVR/Runtime/UnityEngine.VR.dll' because we're compiling for Editor:Editor
WeaveAssemblies unityPath= C:/Program Files/Unity5.6.0f3/Editor/Data/Managed/UnityEngine.dll
WeaveAssemblies unetPath= C:/Program Files/Unity5.6.0f3/Editor/Data/UnityExtensions/Unity/Networking/UnityEngine.Networking.dll
Begin MonoManager ReloadAssembly
Platform assembly: C:\Program Files\Unity5.6.0f3\Editor\Data\Managed\UnityEngine.dll (this message is harmless)
Platform assembly: C:\Program Files\Unity5.6.0f3\Editor\Data\Managed\UnityEditor.dll (this message is harmless)
Platform assembly: C:\Program Files\Unity5.6.0f3\Editor\Data\Managed\Unity.Locator.dll (this message is harmless)
Platform assembly: C:\Program Files\Unity5.6.0f3\Editor\Data\Mono\lib\mono\2.0\I18N.dll (this message is harmless)
Platform assembly: C:\Program Files\Unity5.6.0f3\Editor\Data\Mono\lib\mono\2.0\I18N.West.dll (this message is harmless)
Non platform assembly: C:\PersonalProjects\unity-delete-script-bug\test-project\Library\ScriptAssemblies\Assembly-CSharp.dll (this message is harmless)
Loading C:\PersonalProjects\unity-delete-script-bug\test-project\Library\ScriptAssemblies\Assembly-CSharp.dll into Unity Child Domain
Non platform assembly: C:\PersonalProjects\unity-delete-script-bug\test-project\Library\ScriptAssemblies\Assembly-CSharp-Editor.dll (this message is harmless)
Loading C:\PersonalProjects\unity-delete-script-bug\test-project\Library\ScriptAssemblies\Assembly-CSharp-Editor.dll into Unity Child Domain
Platform assembly: C:\Program Files\Unity5.6.0f3\Editor\Data\PackageManager\Unity\PackageManager\5.6.0\Unity.PackageManager.dll (this message is harmless)
Loading C:\Program Files\Unity5.6.0f3\Editor\Data\PackageManager\Unity\PackageManager\5.6.0\Unity.PackageManager.dll into Unity Child Domain
Non platform assembly: C:\Program Files\Unity5.6.0f3\Editor\Data\UnityExtensions\Unity\Advertisements\Editor\UnityEditor.Advertisements.dll (this message is harmless)
Loading C:\Program Files\Unity5.6.0f3\Editor\Data\UnityExtensions\Unity\Advertisements\Editor\UnityEditor.Advertisements.dll into Unity Child Domain
Non platform assembly: C:\Program Files\Unity5.6.0f3\Editor\Data\UnityExtensions\Unity\GUISystem\UnityEngine.UI.dll (this message is harmless)
Loading C:\Program Files\Unity5.6.0f3\Editor\Data\UnityExtensions\Unity\GUISystem\UnityEngine.UI.dll into Unity Child Domain
Non platform assembly: C:\Program Files\Unity5.6.0f3\Editor\Data\UnityExtensions\Unity\GUISystem\Editor\UnityEditor.UI.dll (this message is harmless)
Loading C:\Program Files\Unity5.6.0f3\Editor\Data\UnityExtensions\Unity\GUISystem\Editor\UnityEditor.UI.dll into Unity Child Domain
Non platform assembly: C:\Program Files\Unity5.6.0f3\Editor\Data\UnityExtensions\Unity\Networking\UnityEngine.Networking.dll (this message is harmless)
Loading C:\Program Files\Unity5.6.0f3\Editor\Data\UnityExtensions\Unity\Networking\UnityEngine.Networking.dll into Unity Child Domain
Non platform assembly: C:\Program Files\Unity5.6.0f3\Editor\Data\UnityExtensions\Unity\Networking\Editor\UnityEditor.Networking.dll (this message is harmless)
Loading C:\Program Files\Unity5.6.0f3\Editor\Data\UnityExtensions\Unity\Networking\Editor\UnityEditor.Networking.dll into Unity Child Domain
Non platform assembly: C:\Program Files\Unity5.6.0f3\Editor\Data\UnityExtensions\Unity\TestRunner\Editor\UnityEditor.TestRunner.dll (this message is harmless)
Loading C:\Program Files\Unity5.6.0f3\Editor\Data\UnityExtensions\Unity\TestRunner\Editor\UnityEditor.TestRunner.dll into Unity Child Domain
Non platform assembly: C:\Program Files\Unity5.6.0f3\Editor\Data\UnityExtensions\Unity\TestRunner\UnityEngine.TestRunner.dll (this message is harmless)
Loading C:\Program Files\Unity5.6.0f3\Editor\Data\UnityExtensions\Unity\TestRunner\UnityEngine.TestRunner.dll into Unity Child Domain
Non platform assembly: C:\Program Files\Unity5.6.0f3\Editor\Data\UnityExtensions\Unity\TestRunner\nunit.framework.dll (this message is harmless)
Loading C:\Program Files\Unity5.6.0f3\Editor\Data\UnityExtensions\Unity\TestRunner\nunit.framework.dll into Unity Child Domain
Non platform assembly: C:\Program Files\Unity5.6.0f3\Editor\Data\UnityExtensions\Unity\TreeEditor\Editor\UnityEditor.TreeEditor.dll (this message is harmless)
Loading C:\Program Files\Unity5.6.0f3\Editor\Data\UnityExtensions\Unity\TreeEditor\Editor\UnityEditor.TreeEditor.dll into Unity Child Domain
Non platform assembly: C:\Program Files\Unity5.6.0f3\Editor\Data\UnityExtensions\Unity\UnityAnalytics\UnityEngine.Analytics.dll (this message is harmless)
Loading C:\Program Files\Unity5.6.0f3\Editor\Data\UnityExtensions\Unity\UnityAnalytics\UnityEngine.Analytics.dll into Unity Child Domain
Non platform assembly: C:\Program Files\Unity5.6.0f3\Editor\Data\UnityExtensions\Unity\UnityAnalytics\Editor\UnityEditor.Analytics.dll (this message is harmless)
Loading C:\Program Files\Unity5.6.0f3\Editor\Data\UnityExtensions\Unity\UnityAnalytics\Editor\UnityEditor.Analytics.dll into Unity Child Domain
Non platform assembly: C:\Program Files\Unity5.6.0f3\Editor\Data\UnityExtensions\Unity\UnityHoloLens\Editor\UnityEditor.HoloLens.dll (this message is harmless)
Loading C:\Program Files\Unity5.6.0f3\Editor\Data\UnityExtensions\Unity\UnityHoloLens\Editor\UnityEditor.HoloLens.dll into Unity Child Domain
Non platform assembly: C:\Program Files\Unity5.6.0f3\Editor\Data\UnityExtensions\Unity\UnityHoloLens\RuntimeEditor\UnityEngine.HoloLens.dll (this message is harmless)
Loading C:\Program Files\Unity5.6.0f3\Editor\Data\UnityExtensions\Unity\UnityHoloLens\RuntimeEditor\UnityEngine.HoloLens.dll into Unity Child Domain
Non platform assembly: C:\Program Files\Unity5.6.0f3\Editor\Data\UnityExtensions\Unity\UnityPurchasing\Editor\UnityEditor.Purchasing.dll (this message is harmless)
Loading C:\Program Files\Unity5.6.0f3\Editor\Data\UnityExtensions\Unity\UnityPurchasing\Editor\UnityEditor.Purchasing.dll into Unity Child Domain
Non platform assembly: C:\Program Files\Unity5.6.0f3\Editor\Data\UnityExtensions\Unity\UnityVR\Editor\UnityEditor.VR.dll (this message is harmless)
Loading C:\Program Files\Unity5.6.0f3\Editor\Data\UnityExtensions\Unity\UnityVR\Editor\UnityEditor.VR.dll into Unity Child Domain
Non platform assembly: C:\Program Files\Unity5.6.0f3\Editor\Data\UnityExtensions\Unity\UnityVR\RuntimeEditor\UnityEngine.VR.dll (this message is harmless)
Loading C:\Program Files\Unity5.6.0f3\Editor\Data\UnityExtensions\Unity\UnityVR\RuntimeEditor\UnityEngine.VR.dll into Unity Child Domain
Platform assembly: C:\Program Files\Unity5.6.0f3\Editor\Data\Managed\UnityEditor.Graphs.dll (this message is harmless)
Loading C:\Program Files\Unity5.6.0f3\Editor\Data\Managed\UnityEditor.Graphs.dll into Unity Child Domain
Platform assembly: C:\Program Files\Unity5.6.0f3\Editor\Data\PlaybackEngines\MetroSupport\UnityEditor.WSA.Extensions.dll (this message is harmless)
Loading C:\Program Files\Unity5.6.0f3\Editor\Data\PlaybackEngines\MetroSupport\UnityEditor.WSA.Extensions.dll into Unity Child Domain
Platform assembly: C:\Program Files\Unity5.6.0f3\Editor\Data\PlaybackEngines\LinuxStandaloneSupport\UnityEditor.LinuxStandalone.Extensions.dll (this message is harmless)
Loading C:\Program Files\Unity5.6.0f3\Editor\Data\PlaybackEngines\LinuxStandaloneSupport\UnityEditor.LinuxStandalone.Extensions.dll into Unity Child Domain
Platform assembly: C:\Program Files\Unity5.6.0f3\Editor\Data\PlaybackEngines\windowsstandalonesupport\UnityEditor.WindowsStandalone.Extensions.dll (this message is harmless)
Loading C:\Program Files\Unity5.6.0f3\Editor\Data\PlaybackEngines\windowsstandalonesupport\UnityEditor.WindowsStandalone.Extensions.dll into Unity Child Domain
Platform assembly: C:\Program Files\Unity5.6.0f3\Editor\Data\PlaybackEngines\MacStandaloneSupport\UnityEditor.OSXStandalone.Extensions.dll (this message is harmless)
Loading C:\Program Files\Unity5.6.0f3\Editor\Data\PlaybackEngines\MacStandaloneSupport\UnityEditor.OSXStandalone.Extensions.dll into Unity Child Domain
Non platform assembly: C:\Program Files (x86)\Microsoft Visual Studio Tools for Unity\15.0\Editor\SyntaxTree.VisualStudio.Unity.Bridge.dll (this message is harmless)
Loading C:\Program Files (x86)\Microsoft Visual Studio Tools for Unity\15.0\Editor\SyntaxTree.VisualStudio.Unity.Bridge.dll into Unity Child Domain
Platform assembly: C:\Program Files\Unity5.6.0f3\Editor\Data\Managed\Mono.Cecil.dll (this message is harmless)
Loading C:\Program Files\Unity5.6.0f3\Editor\Data\Managed\Mono.Cecil.dll into Unity Child Domain
Platform assembly: C:\Program Files\Unity5.6.0f3\Editor\Data\Mono\lib\mono\2.0\System.Core.dll (this message is harmless)
Refreshing native plugins compatible for Editor in 0.30 ms, found 4 plugins.
Preloading 2 native plugins for Editor in 0.13 ms.
Platform assembly: C:\Program Files\Unity5.6.0f3\Editor\Data\Managed\Unity.SerializationLogic.dll (this message is harmless)
Platform assembly: C:\Program Files\Unity5.6.0f3\Editor\Data\Managed\Unity.DataContract.dll (this message is harmless)
Platform assembly: C:\Program Files\Unity5.6.0f3\Editor\Data\Mono\lib\mono\2.0\UnityScript.dll (this message is harmless)
Platform assembly: C:\Program Files\Unity5.6.0f3\Editor\Data\Managed\ICSharpCode.NRefactory.dll (this message is harmless)
Platform assembly: C:\Program Files\Unity5.6.0f3\Editor\Data\Mono\lib\mono\2.0\System.Xml.Linq.dll (this message is harmless)
Platform assembly: C:\Program Files\Unity5.6.0f3\Editor\Data\Managed\Unity.IvyParser.dll (this message is harmless)
Platform assembly: C:\Program Files\Unity5.6.0f3\Editor\Data\Mono\lib\mono\2.0\System.Web.dll (this message is harmless)
Non platform assembly: C:\Program Files\Unity5.6.0f3\Editor\Data\UnityExtensions\Unity\UnityVR\Editor\UnityEditor.iOS.Extensions.Xcode.dll (this message is harmless)
Non platform assembly: C:\Program Files (x86)\Microsoft Visual Studio Tools for Unity\15.0\Editor\SyntaxTree.VisualStudio.Unity.Messaging.dll (this message is harmless)
Mono: successfully reloaded assembly
Refreshing native plugins compatible for Editor in 0.29 ms, found 4 plugins.
Preloading 2 native plugins for Editor in 0.13 ms.

----- Total AssetImport time: 0.034806s, AssetImport time: 0.000000s, Asset hashing: 0.000000s [0 B, 0.000000 mb/s]

- Completed reload, in  0.509 seconds
Initializing Unity.PackageManager (PackageManager) v5.6.0 for Unity v5.6.0f3
Registering platform support modules:
Platform assembly: C:\Program Files\Unity5.6.0f3\Editor\Data\Mono\lib\mono\2.0\System.Drawing.dll (this message is harmless)
Platform assembly: C:\Program Files\Unity5.6.0f3\Editor\Data\Mono\lib\mono\2.0\System.Data.dll (this message is harmless)
Platform assembly: C:\Program Files\Unity5.6.0f3\Editor\Data\Mono\lib\mono\2.0\Boo.Lang.Compiler.dll (this message is harmless)
Platform assembly: C:\Program Files\Unity5.6.0f3\Editor\Data\Mono\lib\mono\2.0\Boo.Lang.dll (this message is harmless)
Platform assembly: C:\Program Files\Unity5.6.0f3\Editor\Data\Mono\lib\mono\2.0\Boo.Lang.Parser.dll (this message is harmless)
Platform assembly: C:\Program Files\Unity5.6.0f3\Editor\Data\Mono\lib\mono\2.0\UnityScript.Lang.dll (this message is harmless)
Registered platform support modules in: 0.0396084s.
Native extension for OSXStandalone target not found
Native extension for WindowsStandalone target not found
Native extension for LinuxStandalone target not found
Native extension for Metro target not found
Batchmode quit successfully invoked - shutting down!
Refresh: detecting if any assets need to be imported or removed ... Refresh: elapses 0.001247 seconds (Nothing changed)
Updating ProjectSettings/ProjectSettings.asset - GUID: 00000000000000004000000000000000...
 done. [Time: 24.315901 ms] 
Refreshing native plugins compatible for Editor in 0.29 ms, found 4 plugins.
Preloading 2 native plugins for Editor in 0.12 ms.

----- Total AssetImport time: 0.064105s, AssetImport time: 0.040789s, Asset hashing: 0.000000s [0 B, 0.000000 mb/s]

Refresh: detecting if any assets need to be imported or removed ... Refresh: elapses 0.001205 seconds (Nothing changed)
Cleanup mono
Exiting batchmode successfully now!
