
LICENSE SYSTEM [2017720 11:52:47] Next license update check is after 2017-07-20T11:04:06


LICENSE SYSTEM [2017720 11:52:47] 00331-60010-48426-AA981 != 00331-60000-00000-AA379

Built from '2017.1/release' branch; Version is '2017.1.0f3 (472613c02cf7) revision 4662803'; Using compiler version '160040219'
OS: 'Windows 10  (10.0.0) 64bit' Language: 'en' Physical Memory: 16346 MB
BatchMode: 1, IsHumanControllingUs: 0, StartBugReporterOnCrash: 0, Is64bit: 1, IsPro: 1

 COMMAND LINE ARGUMENTS:
C:\Program Files\Unity2017.1.0f3\Editor\Unity.exe
-quit
-batchmode
-projectPath
C:\PersonalProjects\unity-delete-script-bug\test-project\
-buildTarget
win32
-executeMethod
Build.ClientBuilder.BuildClient_BatchMode
-outputDir=C:\PersonalProjects\unity-delete-script-bug\_output\build_step_6\build.exe
-logFile
C:\PersonalProjects\unity-delete-script-bug\_output\unity_editor_step_6.log
Successfully changed project path to: C:\PersonalProjects\unity-delete-script-bug\test-project\
C:/PersonalProjects/unity-delete-script-bug/test-project
Loading GUID <-> Path mappings...0.000082 seconds
Loading Asset Database...0.003732 seconds
Audio: FMOD Profiler initialized on port 54901
AssetDatabase consistency checks...0.016696 seconds
Targeting platform: win32
Refreshing native plugins compatible for Editor in 2.00 ms, found 0 plugins.
Preloading 0 native plugins for Editor in 0.00 ms.
Initialize engine version: 2017.1.0f3 (472613c02cf7)
GfxDevice: creating device client; threaded=0
Direct3D:
    Version:  Direct3D 11.0 [level 11.1]
    Renderer: NVIDIA GeForce GTX 960 (ID=0x1401)
    Vendor:   NVIDIA
    VRAM:     4062 MB
    Driver:   22.21.13.8205
Initialize mono
Mono path[0] = 'C:/Program Files/Unity2017.1.0f3/Editor/Data/Managed'
Mono path[1] = 'C:/Program Files/Unity2017.1.0f3/Editor/Data/Mono/lib/mono/2.0'
Mono config path = 'C:/Program Files/Unity2017.1.0f3/Editor/Data/Mono/etc'
Using monoOptions --debugger-agent=transport=dt_socket,embedding=1,defer=y,address=0.0.0.0:56496
Begin MonoManager ReloadAssembly
Platform assembly: C:\Program Files\Unity2017.1.0f3\Editor\Data\Managed\UnityEngine.dll (this message is harmless)
Platform assembly: C:\Program Files\Unity2017.1.0f3\Editor\Data\Managed\UnityEditor.dll (this message is harmless)
Platform assembly: C:\Program Files\Unity2017.1.0f3\Editor\Data\Managed\Unity.Locator.dll (this message is harmless)
Refreshing native plugins compatible for Editor in 0.23 ms, found 4 plugins.
Platform assembly: C:\Program Files\Unity2017.1.0f3\Editor\Data\Mono\lib\mono\2.0\I18N.dll (this message is harmless)
Platform assembly: C:\Program Files\Unity2017.1.0f3\Editor\Data\Mono\lib\mono\2.0\I18N.West.dll (this message is harmless)
Platform assembly: C:\Program Files\Unity2017.1.0f3\Editor\Data\Managed\Unity.DataContract.dll (this message is harmless)
Platform assembly: C:\Program Files\Unity2017.1.0f3\Editor\Data\Mono\lib\mono\2.0\System.Core.dll (this message is harmless)
Platform assembly: C:\Program Files\Unity2017.1.0f3\Editor\Data\Managed\Unity.IvyParser.dll (this message is harmless)
Platform assembly: C:\Program Files\Unity2017.1.0f3\Editor\Data\Mono\lib\mono\2.0\System.dll (this message is harmless)
Platform assembly: C:\Program Files\Unity2017.1.0f3\Editor\Data\Mono\lib\mono\2.0\System.Xml.dll (this message is harmless)
Platform assembly: C:\Program Files\Unity2017.1.0f3\Editor\Data\Mono\lib\mono\2.0\System.Configuration.dll (this message is harmless)
Platform assembly: C:\Program Files\Unity2017.1.0f3\Editor\Data\PackageManager\Unity\PackageManager\2017.1.0\Unity.PackageManager.dll (this message is harmless)
Initializing Unity.PackageManager (PackageManager) v2017.1.0 for Unity v2017.1.0f3
Setting Standalone:StandaloneLinux v2017.1.0 for Unity v2017.1.0f3 to C:\Program Files\Unity2017.1.0f3\Editor\Data\PlaybackEngines\LinuxStandaloneSupport
Setting Standalone:StandaloneOSXIntel v2017.1.0 for Unity v2017.1.0f3 to C:\Program Files\Unity2017.1.0f3\Editor\Data\PlaybackEngines\MacStandaloneSupport
Setting Metro:WSAPlayer v2017.1.0 for Unity v2017.1.0f3 to C:\Program Files\Unity2017.1.0f3\Editor\Data\PlaybackEngines\MetroSupport
Setting Standalone:StandaloneWindows v2017.1.0 for Unity v2017.1.0f3 to C:\Program Files\Unity2017.1.0f3\Editor\Data\PlaybackEngines\windowsstandalonesupport
Setting Advertisements v2017.1.0 for Unity v2017.1.0f3 to C:\Program Files\Unity2017.1.0f3\Editor\Data\UnityExtensions\Unity\Advertisements
  UnityEngine.Advertisements.dll (Extension) GUID: 739bbd9f364b4268874f9fd86ab3beef
  Editor/UnityEditor.Advertisements.dll (Extension) GUID: 97decbdab0634cdd991f8d23ddf0dead
Setting GUISystem v2017.1.0 for Unity v2017.1.0f3 to C:\Program Files\Unity2017.1.0f3\Editor\Data\UnityExtensions\Unity\GUISystem
  UnityEngine.UI.dll (Extension) GUID: f5f67c52d1564df4a8936ccd202a3bd8
  Standalone/UnityEngine.UI.dll (Extension) GUID: f70555f144d8491a825f0804e09c671c
  Editor/UnityEditor.UI.dll (Extension) GUID: 80a3616ca19596e4da0f10f14d241e9f
Setting UNetHLAPI v2017.1.0 for Unity v2017.1.0f3 to C:\Program Files\Unity2017.1.0f3\Editor\Data\UnityExtensions\Unity\Networking
  UnityEngine.Networking.dll (Extension) GUID: 870353891bb340e2b2a9c8707e7419ba
  Standalone/UnityEngine.Networking.dll (Extension) GUID: dc443db3e92b4983b9738c1131f555cb
  Editor/UnityEditor.Networking.dll (Extension) GUID: 5f32cd94baa94578a686d4b9d6b660f7
Setting TestRunner v2017.1.0 for Unity v2017.1.0f3 to C:\Program Files\Unity2017.1.0f3\Editor\Data\UnityExtensions\Unity\TestRunner
  Editor/UnityEditor.TestRunner.dll (Extension) GUID: 4113173d5e95493ab8765d7b08371de4
  UnityEngine.TestRunner.dll (Extension) GUID: 53ebcfaa2e1e4e2dbc85882cd5a73fa1
  net35/unity-custom/nunit.framework.dll (Extension) GUID: 4b3fa4bde7f1451a8218c03ee6a8ded8
  portable/nunit.framework.dll (Extension) GUID: 405b9b51bb344a128608d968297df79c
Setting Timeline v2017.1.0 for Unity v2017.1.0f3 to C:\Program Files\Unity2017.1.0f3\Editor\Data\UnityExtensions\Unity\Timeline
  RuntimeEditor/UnityEngine.Timeline.dll (Extension) GUID: 844F815391DB42D49455CBF1A7BFC434
  Runtime/UnityEngine.Timeline.dll (Extension) GUID: 6a10b2909283487f913b00d94cd3faf5
  Editor/UnityEditor.Timeline.dll (Extension) GUID: 7668179ede524d6396c8b7d84461ea29
Setting TreeEditor v2017.1.0 for Unity v2017.1.0f3 to C:\Program Files\Unity2017.1.0f3\Editor\Data\UnityExtensions\Unity\TreeEditor
  Editor/UnityEditor.TreeEditor.dll (Extension) GUID: adebbd281f1a4ef3a30be7f21937e02f
Setting UnityAnalytics v2017.1.0 for Unity v2017.1.0f3 to C:\Program Files\Unity2017.1.0f3\Editor\Data\UnityExtensions\Unity\UnityAnalytics
  UnityEngine.Analytics.dll (Extension) GUID: 852E56802EB941638ACBB491814497B0
  Editor/UnityEditor.Analytics.dll (Extension) GUID: 86f4de9468454445ac2f39e207fafa3a
Setting UnityHoloLens v2017.1.0 for Unity v2017.1.0f3 to C:\Program Files\Unity2017.1.0f3\Editor\Data\UnityExtensions\Unity\UnityHoloLens
  Editor/UnityEditor.HoloLens.dll (Extension) GUID: 12fd8a0055b84bb59e84c9835a37e333
  Runtime/UnityEngine.HoloLens.dll (Extension) GUID: f7b54ff4a43d4fcf81b4538b678e0bcc
  RuntimeEditor/UnityEngine.HoloLens.dll (Extension) GUID: 1c6d1fbb51834b64847b1b73a75bfc77
Setting UnityPurchasing v2017.1.0 for Unity v2017.1.0f3 to C:\Program Files\Unity2017.1.0f3\Editor\Data\UnityExtensions\Unity\UnityPurchasing
  UnityEngine.Purchasing.dll (Extension) GUID: 8E0CD8ED44D4412CBE0642067ABC9E44
  Editor/UnityEditor.Purchasing.dll (Extension) GUID: 8382B2BB260241859771B69B7F377A8D
Setting UnityVR v2017.1.0 for Unity v2017.1.0f3 to C:\Program Files\Unity2017.1.0f3\Editor\Data\UnityExtensions\Unity\UnityVR
  Editor/UnityEditor.VR.dll (Extension) GUID: 4ba2329b63d54f0187bcaa12486b1b0f
Registering precompiled unity dll's ...
Register platform support module: C:\Program Files\Unity2017.1.0f3\Editor\Data\PlaybackEngines\MetroSupport/UnityEditor.WSA.Extensions.dll
Register platform support module: C:\Program Files\Unity2017.1.0f3\Editor\Data\PlaybackEngines\LinuxStandaloneSupport/UnityEditor.LinuxStandalone.Extensions.dll
Register platform support module: C:\Program Files\Unity2017.1.0f3\Editor\Data\PlaybackEngines\windowsstandalonesupport/UnityEditor.WindowsStandalone.Extensions.dll
Register platform support module: C:\Program Files\Unity2017.1.0f3\Editor\Data\PlaybackEngines\MacStandaloneSupport/UnityEditor.OSXStandalone.Extensions.dll
Registered in 0.002033 seconds.
Platform assembly: C:\Program Files\Unity2017.1.0f3\Editor\Data\PackageManager\Unity\PackageManager\2017.1.0\Unity.PackageManager.dll (this message is harmless)
Loading C:\Program Files\Unity2017.1.0f3\Editor\Data\PackageManager\Unity\PackageManager\2017.1.0\Unity.PackageManager.dll into Unity Child Domain
Non platform assembly: C:\Program Files\Unity2017.1.0f3\Editor\Data\UnityExtensions\Unity\Advertisements\Editor\UnityEditor.Advertisements.dll (this message is harmless)
Loading C:\Program Files\Unity2017.1.0f3\Editor\Data\UnityExtensions\Unity\Advertisements\Editor\UnityEditor.Advertisements.dll into Unity Child Domain
Non platform assembly: C:\Program Files\Unity2017.1.0f3\Editor\Data\UnityExtensions\Unity\GUISystem\UnityEngine.UI.dll (this message is harmless)
Loading C:\Program Files\Unity2017.1.0f3\Editor\Data\UnityExtensions\Unity\GUISystem\UnityEngine.UI.dll into Unity Child Domain
Non platform assembly: C:\Program Files\Unity2017.1.0f3\Editor\Data\UnityExtensions\Unity\GUISystem\Editor\UnityEditor.UI.dll (this message is harmless)
Loading C:\Program Files\Unity2017.1.0f3\Editor\Data\UnityExtensions\Unity\GUISystem\Editor\UnityEditor.UI.dll into Unity Child Domain
Non platform assembly: C:\Program Files\Unity2017.1.0f3\Editor\Data\UnityExtensions\Unity\Networking\UnityEngine.Networking.dll (this message is harmless)
Loading C:\Program Files\Unity2017.1.0f3\Editor\Data\UnityExtensions\Unity\Networking\UnityEngine.Networking.dll into Unity Child Domain
Non platform assembly: C:\Program Files\Unity2017.1.0f3\Editor\Data\UnityExtensions\Unity\Networking\Editor\UnityEditor.Networking.dll (this message is harmless)
Loading C:\Program Files\Unity2017.1.0f3\Editor\Data\UnityExtensions\Unity\Networking\Editor\UnityEditor.Networking.dll into Unity Child Domain
Non platform assembly: C:\Program Files\Unity2017.1.0f3\Editor\Data\UnityExtensions\Unity\TestRunner\Editor\UnityEditor.TestRunner.dll (this message is harmless)
Loading C:\Program Files\Unity2017.1.0f3\Editor\Data\UnityExtensions\Unity\TestRunner\Editor\UnityEditor.TestRunner.dll into Unity Child Domain
Non platform assembly: C:\Program Files\Unity2017.1.0f3\Editor\Data\UnityExtensions\Unity\TestRunner\UnityEngine.TestRunner.dll (this message is harmless)
Loading C:\Program Files\Unity2017.1.0f3\Editor\Data\UnityExtensions\Unity\TestRunner\UnityEngine.TestRunner.dll into Unity Child Domain
Non platform assembly: C:\Program Files\Unity2017.1.0f3\Editor\Data\UnityExtensions\Unity\TestRunner\net35\unity-custom\nunit.framework.dll (this message is harmless)
Loading C:\Program Files\Unity2017.1.0f3\Editor\Data\UnityExtensions\Unity\TestRunner\net35\unity-custom\nunit.framework.dll into Unity Child Domain
Non platform assembly: C:\Program Files\Unity2017.1.0f3\Editor\Data\UnityExtensions\Unity\Timeline\RuntimeEditor\UnityEngine.Timeline.dll (this message is harmless)
Loading C:\Program Files\Unity2017.1.0f3\Editor\Data\UnityExtensions\Unity\Timeline\RuntimeEditor\UnityEngine.Timeline.dll into Unity Child Domain
Non platform assembly: C:\Program Files\Unity2017.1.0f3\Editor\Data\UnityExtensions\Unity\Timeline\Editor\UnityEditor.Timeline.dll (this message is harmless)
Loading C:\Program Files\Unity2017.1.0f3\Editor\Data\UnityExtensions\Unity\Timeline\Editor\UnityEditor.Timeline.dll into Unity Child Domain
Non platform assembly: C:\Program Files\Unity2017.1.0f3\Editor\Data\UnityExtensions\Unity\TreeEditor\Editor\UnityEditor.TreeEditor.dll (this message is harmless)
Loading C:\Program Files\Unity2017.1.0f3\Editor\Data\UnityExtensions\Unity\TreeEditor\Editor\UnityEditor.TreeEditor.dll into Unity Child Domain
Non platform assembly: C:\Program Files\Unity2017.1.0f3\Editor\Data\UnityExtensions\Unity\UnityAnalytics\UnityEngine.Analytics.dll (this message is harmless)
Loading C:\Program Files\Unity2017.1.0f3\Editor\Data\UnityExtensions\Unity\UnityAnalytics\UnityEngine.Analytics.dll into Unity Child Domain
Non platform assembly: C:\Program Files\Unity2017.1.0f3\Editor\Data\UnityExtensions\Unity\UnityAnalytics\Editor\UnityEditor.Analytics.dll (this message is harmless)
Loading C:\Program Files\Unity2017.1.0f3\Editor\Data\UnityExtensions\Unity\UnityAnalytics\Editor\UnityEditor.Analytics.dll into Unity Child Domain
Non platform assembly: C:\Program Files\Unity2017.1.0f3\Editor\Data\UnityExtensions\Unity\UnityHoloLens\Editor\UnityEditor.HoloLens.dll (this message is harmless)
Loading C:\Program Files\Unity2017.1.0f3\Editor\Data\UnityExtensions\Unity\UnityHoloLens\Editor\UnityEditor.HoloLens.dll into Unity Child Domain
Non platform assembly: C:\Program Files\Unity2017.1.0f3\Editor\Data\UnityExtensions\Unity\UnityHoloLens\RuntimeEditor\UnityEngine.HoloLens.dll (this message is harmless)
Loading C:\Program Files\Unity2017.1.0f3\Editor\Data\UnityExtensions\Unity\UnityHoloLens\RuntimeEditor\UnityEngine.HoloLens.dll into Unity Child Domain
Non platform assembly: C:\Program Files\Unity2017.1.0f3\Editor\Data\UnityExtensions\Unity\UnityPurchasing\Editor\UnityEditor.Purchasing.dll (this message is harmless)
Loading C:\Program Files\Unity2017.1.0f3\Editor\Data\UnityExtensions\Unity\UnityPurchasing\Editor\UnityEditor.Purchasing.dll into Unity Child Domain
Non platform assembly: C:\Program Files\Unity2017.1.0f3\Editor\Data\UnityExtensions\Unity\UnityVR\Editor\UnityEditor.VR.dll (this message is harmless)
Loading C:\Program Files\Unity2017.1.0f3\Editor\Data\UnityExtensions\Unity\UnityVR\Editor\UnityEditor.VR.dll into Unity Child Domain
Platform assembly: C:\Program Files\Unity2017.1.0f3\Editor\Data\Managed\UnityEditor.Graphs.dll (this message is harmless)
Loading C:\Program Files\Unity2017.1.0f3\Editor\Data\Managed\UnityEditor.Graphs.dll into Unity Child Domain
Platform assembly: C:\Program Files\Unity2017.1.0f3\Editor\Data\PlaybackEngines\MetroSupport\UnityEditor.WSA.Extensions.dll (this message is harmless)
Loading C:\Program Files\Unity2017.1.0f3\Editor\Data\PlaybackEngines\MetroSupport\UnityEditor.WSA.Extensions.dll into Unity Child Domain
Platform assembly: C:\Program Files\Unity2017.1.0f3\Editor\Data\PlaybackEngines\LinuxStandaloneSupport\UnityEditor.LinuxStandalone.Extensions.dll (this message is harmless)
Loading C:\Program Files\Unity2017.1.0f3\Editor\Data\PlaybackEngines\LinuxStandaloneSupport\UnityEditor.LinuxStandalone.Extensions.dll into Unity Child Domain
Platform assembly: C:\Program Files\Unity2017.1.0f3\Editor\Data\PlaybackEngines\windowsstandalonesupport\UnityEditor.WindowsStandalone.Extensions.dll (this message is harmless)
Loading C:\Program Files\Unity2017.1.0f3\Editor\Data\PlaybackEngines\windowsstandalonesupport\UnityEditor.WindowsStandalone.Extensions.dll into Unity Child Domain
Platform assembly: C:\Program Files\Unity2017.1.0f3\Editor\Data\PlaybackEngines\MacStandaloneSupport\UnityEditor.OSXStandalone.Extensions.dll (this message is harmless)
Loading C:\Program Files\Unity2017.1.0f3\Editor\Data\PlaybackEngines\MacStandaloneSupport\UnityEditor.OSXStandalone.Extensions.dll into Unity Child Domain
Platform assembly: C:\Program Files\Unity2017.1.0f3\Editor\Data\Managed\ExCSS.Unity.dll (this message is harmless)
Refreshing native plugins compatible for Editor in 0.27 ms, found 4 plugins.
Preloading 2 native plugins for Editor in 0.82 ms.
Platform assembly: C:\Program Files\Unity2017.1.0f3\Editor\Data\Managed\Mono.Cecil.dll (this message is harmless)
Platform assembly: C:\Program Files\Unity2017.1.0f3\Editor\Data\Managed\Unity.SerializationLogic.dll (this message is harmless)
Platform assembly: C:\Program Files\Unity2017.1.0f3\Editor\Data\Mono\lib\mono\2.0\UnityScript.dll (this message is harmless)
Platform assembly: C:\Program Files\Unity2017.1.0f3\Editor\Data\Managed\Unity.Legacy.NRefactory.dll (this message is harmless)
Platform assembly: C:\Program Files\Unity2017.1.0f3\Editor\Data\Mono\lib\mono\2.0\System.Xml.Linq.dll (this message is harmless)
Non platform assembly: C:\Program Files\Unity2017.1.0f3\Editor\Data\UnityExtensions\Unity\UnityVR\Editor\UnityEditor.iOS.Extensions.Xcode.dll (this message is harmless)
Mono: successfully reloaded assembly
- Completed reload, in  0.478 seconds
Registering platform support modules:
Platform assembly: C:\Program Files\Unity2017.1.0f3\Editor\Data\Mono\lib\mono\2.0\Boo.Lang.Compiler.dll (this message is harmless)
Platform assembly: C:\Program Files\Unity2017.1.0f3\Editor\Data\Mono\lib\mono\2.0\Boo.Lang.dll (this message is harmless)
Platform assembly: C:\Program Files\Unity2017.1.0f3\Editor\Data\Mono\lib\mono\2.0\Boo.Lang.Parser.dll (this message is harmless)
Platform assembly: C:\Program Files\Unity2017.1.0f3\Editor\Data\Mono\lib\mono\2.0\UnityScript.Lang.dll (this message is harmless)
Platform assembly: C:\Program Files\Unity2017.1.0f3\Editor\Data\Mono\lib\mono\2.0\Mono.Security.dll (this message is harmless)
Registered platform support modules in: 0.0619119s.
Native extension for OSXStandalone target not found
Native extension for WindowsStandalone target not found
Native extension for LinuxStandalone target not found
Native extension for Metro target not found
Begin MonoManager ReloadAssembly
Platform assembly: C:\Program Files\Unity2017.1.0f3\Editor\Data\Managed\UnityEngine.dll (this message is harmless)
Platform assembly: C:\Program Files\Unity2017.1.0f3\Editor\Data\Managed\UnityEditor.dll (this message is harmless)
Platform assembly: C:\Program Files\Unity2017.1.0f3\Editor\Data\Managed\Unity.Locator.dll (this message is harmless)
Platform assembly: C:\Program Files\Unity2017.1.0f3\Editor\Data\Mono\lib\mono\2.0\I18N.dll (this message is harmless)
Platform assembly: C:\Program Files\Unity2017.1.0f3\Editor\Data\Mono\lib\mono\2.0\I18N.West.dll (this message is harmless)
Registering precompiled user dll's ...
Registered in 0.000297 seconds.
Platform assembly: C:\Program Files\Unity2017.1.0f3\Editor\Data\PackageManager\Unity\PackageManager\2017.1.0\Unity.PackageManager.dll (this message is harmless)
Loading C:\Program Files\Unity2017.1.0f3\Editor\Data\PackageManager\Unity\PackageManager\2017.1.0\Unity.PackageManager.dll into Unity Child Domain
Non platform assembly: C:\Program Files\Unity2017.1.0f3\Editor\Data\UnityExtensions\Unity\Advertisements\Editor\UnityEditor.Advertisements.dll (this message is harmless)
Loading C:\Program Files\Unity2017.1.0f3\Editor\Data\UnityExtensions\Unity\Advertisements\Editor\UnityEditor.Advertisements.dll into Unity Child Domain
Non platform assembly: C:\Program Files\Unity2017.1.0f3\Editor\Data\UnityExtensions\Unity\GUISystem\UnityEngine.UI.dll (this message is harmless)
Loading C:\Program Files\Unity2017.1.0f3\Editor\Data\UnityExtensions\Unity\GUISystem\UnityEngine.UI.dll into Unity Child Domain
Non platform assembly: C:\Program Files\Unity2017.1.0f3\Editor\Data\UnityExtensions\Unity\GUISystem\Editor\UnityEditor.UI.dll (this message is harmless)
Loading C:\Program Files\Unity2017.1.0f3\Editor\Data\UnityExtensions\Unity\GUISystem\Editor\UnityEditor.UI.dll into Unity Child Domain
Non platform assembly: C:\Program Files\Unity2017.1.0f3\Editor\Data\UnityExtensions\Unity\Networking\UnityEngine.Networking.dll (this message is harmless)
Loading C:\Program Files\Unity2017.1.0f3\Editor\Data\UnityExtensions\Unity\Networking\UnityEngine.Networking.dll into Unity Child Domain
Non platform assembly: C:\Program Files\Unity2017.1.0f3\Editor\Data\UnityExtensions\Unity\Networking\Editor\UnityEditor.Networking.dll (this message is harmless)
Loading C:\Program Files\Unity2017.1.0f3\Editor\Data\UnityExtensions\Unity\Networking\Editor\UnityEditor.Networking.dll into Unity Child Domain
Non platform assembly: C:\Program Files\Unity2017.1.0f3\Editor\Data\UnityExtensions\Unity\TestRunner\Editor\UnityEditor.TestRunner.dll (this message is harmless)
Loading C:\Program Files\Unity2017.1.0f3\Editor\Data\UnityExtensions\Unity\TestRunner\Editor\UnityEditor.TestRunner.dll into Unity Child Domain
Non platform assembly: C:\Program Files\Unity2017.1.0f3\Editor\Data\UnityExtensions\Unity\TestRunner\UnityEngine.TestRunner.dll (this message is harmless)
Loading C:\Program Files\Unity2017.1.0f3\Editor\Data\UnityExtensions\Unity\TestRunner\UnityEngine.TestRunner.dll into Unity Child Domain
Non platform assembly: C:\Program Files\Unity2017.1.0f3\Editor\Data\UnityExtensions\Unity\TestRunner\net35\unity-custom\nunit.framework.dll (this message is harmless)
Loading C:\Program Files\Unity2017.1.0f3\Editor\Data\UnityExtensions\Unity\TestRunner\net35\unity-custom\nunit.framework.dll into Unity Child Domain
Non platform assembly: C:\Program Files\Unity2017.1.0f3\Editor\Data\UnityExtensions\Unity\Timeline\RuntimeEditor\UnityEngine.Timeline.dll (this message is harmless)
Loading C:\Program Files\Unity2017.1.0f3\Editor\Data\UnityExtensions\Unity\Timeline\RuntimeEditor\UnityEngine.Timeline.dll into Unity Child Domain
Non platform assembly: C:\Program Files\Unity2017.1.0f3\Editor\Data\UnityExtensions\Unity\Timeline\Editor\UnityEditor.Timeline.dll (this message is harmless)
Loading C:\Program Files\Unity2017.1.0f3\Editor\Data\UnityExtensions\Unity\Timeline\Editor\UnityEditor.Timeline.dll into Unity Child Domain
Non platform assembly: C:\Program Files\Unity2017.1.0f3\Editor\Data\UnityExtensions\Unity\TreeEditor\Editor\UnityEditor.TreeEditor.dll (this message is harmless)
Loading C:\Program Files\Unity2017.1.0f3\Editor\Data\UnityExtensions\Unity\TreeEditor\Editor\UnityEditor.TreeEditor.dll into Unity Child Domain
Non platform assembly: C:\Program Files\Unity2017.1.0f3\Editor\Data\UnityExtensions\Unity\UnityAnalytics\UnityEngine.Analytics.dll (this message is harmless)
Loading C:\Program Files\Unity2017.1.0f3\Editor\Data\UnityExtensions\Unity\UnityAnalytics\UnityEngine.Analytics.dll into Unity Child Domain
Non platform assembly: C:\Program Files\Unity2017.1.0f3\Editor\Data\UnityExtensions\Unity\UnityAnalytics\Editor\UnityEditor.Analytics.dll (this message is harmless)
Loading C:\Program Files\Unity2017.1.0f3\Editor\Data\UnityExtensions\Unity\UnityAnalytics\Editor\UnityEditor.Analytics.dll into Unity Child Domain
Non platform assembly: C:\Program Files\Unity2017.1.0f3\Editor\Data\UnityExtensions\Unity\UnityHoloLens\Editor\UnityEditor.HoloLens.dll (this message is harmless)
Loading C:\Program Files\Unity2017.1.0f3\Editor\Data\UnityExtensions\Unity\UnityHoloLens\Editor\UnityEditor.HoloLens.dll into Unity Child Domain
Non platform assembly: C:\Program Files\Unity2017.1.0f3\Editor\Data\UnityExtensions\Unity\UnityHoloLens\RuntimeEditor\UnityEngine.HoloLens.dll (this message is harmless)
Loading C:\Program Files\Unity2017.1.0f3\Editor\Data\UnityExtensions\Unity\UnityHoloLens\RuntimeEditor\UnityEngine.HoloLens.dll into Unity Child Domain
Non platform assembly: C:\Program Files\Unity2017.1.0f3\Editor\Data\UnityExtensions\Unity\UnityPurchasing\Editor\UnityEditor.Purchasing.dll (this message is harmless)
Loading C:\Program Files\Unity2017.1.0f3\Editor\Data\UnityExtensions\Unity\UnityPurchasing\Editor\UnityEditor.Purchasing.dll into Unity Child Domain
Non platform assembly: C:\Program Files\Unity2017.1.0f3\Editor\Data\UnityExtensions\Unity\UnityVR\Editor\UnityEditor.VR.dll (this message is harmless)
Loading C:\Program Files\Unity2017.1.0f3\Editor\Data\UnityExtensions\Unity\UnityVR\Editor\UnityEditor.VR.dll into Unity Child Domain
Platform assembly: C:\Program Files\Unity2017.1.0f3\Editor\Data\Managed\UnityEditor.Graphs.dll (this message is harmless)
Loading C:\Program Files\Unity2017.1.0f3\Editor\Data\Managed\UnityEditor.Graphs.dll into Unity Child Domain
Platform assembly: C:\Program Files\Unity2017.1.0f3\Editor\Data\PlaybackEngines\MetroSupport\UnityEditor.WSA.Extensions.dll (this message is harmless)
Loading C:\Program Files\Unity2017.1.0f3\Editor\Data\PlaybackEngines\MetroSupport\UnityEditor.WSA.Extensions.dll into Unity Child Domain
Platform assembly: C:\Program Files\Unity2017.1.0f3\Editor\Data\PlaybackEngines\LinuxStandaloneSupport\UnityEditor.LinuxStandalone.Extensions.dll (this message is harmless)
Loading C:\Program Files\Unity2017.1.0f3\Editor\Data\PlaybackEngines\LinuxStandaloneSupport\UnityEditor.LinuxStandalone.Extensions.dll into Unity Child Domain
Platform assembly: C:\Program Files\Unity2017.1.0f3\Editor\Data\PlaybackEngines\windowsstandalonesupport\UnityEditor.WindowsStandalone.Extensions.dll (this message is harmless)
Loading C:\Program Files\Unity2017.1.0f3\Editor\Data\PlaybackEngines\windowsstandalonesupport\UnityEditor.WindowsStandalone.Extensions.dll into Unity Child Domain
Platform assembly: C:\Program Files\Unity2017.1.0f3\Editor\Data\PlaybackEngines\MacStandaloneSupport\UnityEditor.OSXStandalone.Extensions.dll (this message is harmless)
Loading C:\Program Files\Unity2017.1.0f3\Editor\Data\PlaybackEngines\MacStandaloneSupport\UnityEditor.OSXStandalone.Extensions.dll into Unity Child Domain
Non platform assembly: C:\Program Files (x86)\Microsoft Visual Studio Tools for Unity\15.0\Editor\SyntaxTree.VisualStudio.Unity.Bridge.dll (this message is harmless)
Loading C:\Program Files (x86)\Microsoft Visual Studio Tools for Unity\15.0\Editor\SyntaxTree.VisualStudio.Unity.Bridge.dll into Unity Child Domain
Platform assembly: C:\Program Files\Unity2017.1.0f3\Editor\Data\Managed\Mono.Cecil.dll (this message is harmless)
Loading C:\Program Files\Unity2017.1.0f3\Editor\Data\Managed\Mono.Cecil.dll into Unity Child Domain
Platform assembly: C:\Program Files\Unity2017.1.0f3\Editor\Data\Mono\lib\mono\2.0\System.Core.dll (this message is harmless)
Platform assembly: C:\Program Files\Unity2017.1.0f3\Editor\Data\Managed\ExCSS.Unity.dll (this message is harmless)
Refreshing native plugins compatible for Editor in 0.27 ms, found 4 plugins.
Preloading 2 native plugins for Editor in 0.12 ms.
Platform assembly: C:\Program Files\Unity2017.1.0f3\Editor\Data\Managed\Unity.SerializationLogic.dll (this message is harmless)
Platform assembly: C:\Program Files\Unity2017.1.0f3\Editor\Data\Managed\Unity.DataContract.dll (this message is harmless)
Platform assembly: C:\Program Files\Unity2017.1.0f3\Editor\Data\Mono\lib\mono\2.0\UnityScript.dll (this message is harmless)
Platform assembly: C:\Program Files\Unity2017.1.0f3\Editor\Data\Managed\Unity.Legacy.NRefactory.dll (this message is harmless)
Platform assembly: C:\Program Files\Unity2017.1.0f3\Editor\Data\Mono\lib\mono\2.0\System.Xml.Linq.dll (this message is harmless)
Platform assembly: C:\Program Files\Unity2017.1.0f3\Editor\Data\Managed\Unity.IvyParser.dll (this message is harmless)
Non platform assembly: C:\Program Files\Unity2017.1.0f3\Editor\Data\UnityExtensions\Unity\UnityVR\Editor\UnityEditor.iOS.Extensions.Xcode.dll (this message is harmless)
Non platform assembly: C:\Program Files (x86)\Microsoft Visual Studio Tools for Unity\15.0\Editor\SyntaxTree.VisualStudio.Unity.Messaging.dll (this message is harmless)
Mono: successfully reloaded assembly
- Completed reload, in  0.340 seconds
Initializing Unity.PackageManager (PackageManager) v2017.1.0 for Unity v2017.1.0f3
Registering platform support modules:
Platform assembly: C:\Program Files\Unity2017.1.0f3\Editor\Data\Mono\lib\mono\2.0\Boo.Lang.Compiler.dll (this message is harmless)
Platform assembly: C:\Program Files\Unity2017.1.0f3\Editor\Data\Mono\lib\mono\2.0\Boo.Lang.dll (this message is harmless)
Platform assembly: C:\Program Files\Unity2017.1.0f3\Editor\Data\Mono\lib\mono\2.0\Boo.Lang.Parser.dll (this message is harmless)
Platform assembly: C:\Program Files\Unity2017.1.0f3\Editor\Data\Mono\lib\mono\2.0\UnityScript.Lang.dll (this message is harmless)
Registered platform support modules in: 0.0316044s.
Native extension for OSXStandalone target not found
Native extension for WindowsStandalone target not found
Native extension for LinuxStandalone target not found
Native extension for Metro target not found
- Starting compile Library\ScriptAssemblies\Assembly-CSharp.dll

-----Compiler Commandline Arguments:
Filename: "C:\Program Files\Unity2017.1.0f3\Editor\Data\MonoBleedingEdge\bin\mono.exe"
Arguments: "C:\Program Files\Unity2017.1.0f3\Editor\Data\MonoBleedingEdge\lib\mono\4.5\mcs.exe"  @Temp/UnityTempFile-5ed25e0da11e7514aaf3e1cdbfb39cc4
index: 87
Responsefile: Temp/UnityTempFile-5ed25e0da11e7514aaf3e1cdbfb39cc4 Contents: 
-debug
-target:library
-nowarn:0169
-langversion:4
-out:Temp\Assembly-CSharp.dll
-unsafe
-r:"C:/Program Files/Unity2017.1.0f3/Editor/Data/Managed/UnityEditor.dll"
-r:"C:/Program Files/Unity2017.1.0f3/Editor/Data/Managed/UnityEngine.dll"
-r:"C:/Program Files/Unity2017.1.0f3/Editor/Data/UnityExtensions/Unity/GUISystem/UnityEngine.UI.dll"
-r:"C:/Program Files/Unity2017.1.0f3/Editor/Data/UnityExtensions/Unity/Networking/UnityEngine.Networking.dll"
-r:"C:/Program Files/Unity2017.1.0f3/Editor/Data/UnityExtensions/Unity/TestRunner/UnityEngine.TestRunner.dll"
-r:"C:/Program Files/Unity2017.1.0f3/Editor/Data/UnityExtensions/Unity/TestRunner/net35/unity-custom/nunit.framework.dll"
-r:"C:/Program Files/Unity2017.1.0f3/Editor/Data/UnityExtensions/Unity/Timeline/RuntimeEditor/UnityEngine.Timeline.dll"
-r:"C:/Program Files/Unity2017.1.0f3/Editor/Data/UnityExtensions/Unity/UnityAnalytics/UnityEngine.Analytics.dll"
-r:"C:/Program Files/Unity2017.1.0f3/Editor/Data/UnityExtensions/Unity/UnityHoloLens/RuntimeEditor/UnityEngine.HoloLens.dll"
-r:"C:/Program Files/Unity2017.1.0f3/Editor/Data\Managed/Mono.Cecil.dll"
-define:UNITY_5_3_OR_NEWER
-define:UNITY_5_4_OR_NEWER
-define:UNITY_5_5_OR_NEWER
-define:UNITY_5_6_OR_NEWER
-define:UNITY_2017_1_OR_NEWER
-define:UNITY_2017_1_0
-define:UNITY_2017_1
-define:UNITY_2017
-define:ENABLE_AUDIO
-define:ENABLE_CACHING
-define:ENABLE_CLOTH
-define:ENABLE_DUCK_TYPING
-define:ENABLE_GENERICS
-define:ENABLE_PVR_GI
-define:ENABLE_MICROPHONE
-define:ENABLE_MULTIPLE_DISPLAYS
-define:ENABLE_PHYSICS
-define:ENABLE_RUNTIME_NAVMESH_BUILDING
-define:ENABLE_SPRITERENDERER_FLIPPING
-define:ENABLE_SPRITES
-define:ENABLE_TERRAIN
-define:ENABLE_RAKNET
-define:ENABLE_DIRECTOR
-define:ENABLE_UNET
-define:ENABLE_LZMA
-define:ENABLE_UNITYEVENTS
-define:ENABLE_WEBCAM
-define:ENABLE_WWW
-define:ENABLE_CLOUD_SERVICES_COLLAB
-define:ENABLE_CLOUD_SERVICES_COLLAB_SOFTLOCKS
-define:ENABLE_CLOUD_SERVICES_ADS
-define:ENABLE_CLOUD_HUB
-define:ENABLE_CLOUD_PROJECT_ID
-define:ENABLE_CLOUD_SERVICES_USE_WEBREQUEST
-define:ENABLE_CLOUD_SERVICES_UNET
-define:ENABLE_CLOUD_SERVICES_BUILD
-define:ENABLE_CLOUD_LICENSE
-define:ENABLE_WEBSOCKET_CLIENT
-define:ENABLE_DIRECTOR_AUDIO
-define:ENABLE_TIMELINE
-define:ENABLE_EDITOR_METRICS
-define:ENABLE_EDITOR_METRICS_CACHING
-define:ENABLE_NATIVE_ARRAY
-define:ENABLE_SPRITE_MASKING
-define:INCLUDE_DYNAMIC_GI
-define:INCLUDE_GI
-define:ENABLE_MONO_BDWGC
-define:PLATFORM_SUPPORTS_MONO
-define:RENDER_SOFTWARE_CURSOR
-define:INCLUDE_PUBNUB
-define:ENABLE_PLAYMODE_TESTS_RUNNER
-define:ENABLE_VIDEO
-define:ENABLE_RMGUI
-define:ENABLE_CUSTOM_RENDER_TEXTURE
-define:ENABLE_STYLE_SHEETS
-define:UNITY_STANDALONE_WIN
-define:UNITY_STANDALONE
-define:ENABLE_SUBSTANCE
-define:ENABLE_RUNTIME_GI
-define:ENABLE_MOVIES
-define:ENABLE_NETWORK
-define:ENABLE_CRUNCH_TEXTURE_COMPRESSION
-define:ENABLE_UNITYWEBREQUEST
-define:ENABLE_CLOUD_SERVICES
-define:ENABLE_CLOUD_SERVICES_ANALYTICS
-define:ENABLE_CLOUD_SERVICES_PURCHASING
-define:ENABLE_CLOUD_SERVICES_CRASH_REPORTING
-define:ENABLE_EVENT_QUEUE
-define:ENABLE_CLUSTERINPUT
-define:ENABLE_VR
-define:ENABLE_WEBSOCKET_HOST
-define:ENABLE_MONO
-define:NET_2_0_SUBSET
-define:ENABLE_PROFILER
-define:DEBUG
-define:TRACE
-define:UNITY_ASSERTIONS
-define:UNITY_EDITOR
-define:UNITY_EDITOR_64
-define:UNITY_EDITOR_WIN
-define:ENABLE_NATIVE_ARRAY_CHECKS
-define:UNITY_TEAM_LICENSE
-define:ENABLE_VSTU
-define:UNITY_PRO_LICENSE
Assets/MyFolder/MyScriptA.cs
Assets/MyFolder/MyScriptB.cs
Assets/MyFolder/TestScript_toAdd.cs
-r:"C:\Program Files\Unity2017.1.0f3\Editor\Data\Mono\lib\mono\unity\System.Runtime.Serialization.dll"
-r:"C:\Program Files\Unity2017.1.0f3\Editor\Data\Mono\lib\mono\unity\System.Xml.Linq.dll"
-r:"C:\Program Files\Unity2017.1.0f3\Editor\Data\Mono\lib\mono\unity\UnityScript.dll"
-r:"C:\Program Files\Unity2017.1.0f3\Editor\Data\Mono\lib\mono\unity\UnityScript.Lang.dll"
-r:"C:\Program Files\Unity2017.1.0f3\Editor\Data\Mono\lib\mono\unity\Boo.Lang.dll"
-sdk:unity

-----CompilerOutput:-stdout--exitcode: 1--compilationhadfailure: True--outfile: Temp\Assembly-CSharp.dll
Compilation failed: 1 error(s), 0 warnings
-----CompilerOutput:-stderr----------
Assets/MyFolder/MyScriptA.cs(7,2): error CS0246: The type or namespace name `TestScript_ToAdd' could not be found. Are you missing an assembly reference?
-----EndCompilerOutput---------------
- Finished compile Library\ScriptAssemblies\Assembly-CSharp.dll
Assets/MyFolder/MyScriptA.cs(7,2): error CS0246: The type or namespace name `TestScript_ToAdd' could not be found. Are you missing an assembly reference?
 
(Filename: Assets/MyFolder/MyScriptA.cs Line: 7)

Validating Project structure ... 0.000230 seconds.
Refresh: detecting if any assets need to be imported or removed ... Refresh: elapses 0.001231 seconds (Nothing changed)
Warming cache for 70 main assets: 0.000110 seconds elapsed
Initializing Unity extensions:
 'C:/Program Files/Unity2017.1.0f3/Editor/Data/UnityExtensions/Unity/UnityHoloLens/Editor/UnityEditor.HoloLens.dll'  GUID: 12fd8a0055b84bb59e84c9835a37e333
 'C:/Program Files/Unity2017.1.0f3/Editor/Data/UnityExtensions/Unity/UnityAnalytics/UnityEngine.Analytics.dll'  GUID: 852e56802eb941638acbb491814497b0
 'C:/Program Files/Unity2017.1.0f3/Editor/Data/UnityExtensions/Unity/Timeline/Runtime/UnityEngine.Timeline.dll'  GUID: 6a10b2909283487f913b00d94cd3faf5
 'C:/Program Files/Unity2017.1.0f3/Editor/Data/UnityExtensions/Unity/TestRunner/portable/nunit.framework.dll'  GUID: 405b9b51bb344a128608d968297df79c
 'C:/Program Files/Unity2017.1.0f3/Editor/Data/UnityExtensions/Unity/GUISystem/Standalone/UnityEngine.UI.dll'  GUID: f70555f144d8491a825f0804e09c671c
 'C:/Program Files/Unity2017.1.0f3/Editor/Data/UnityExtensions/Unity/GUISystem/UnityEngine.UI.dll'  GUID: f5f67c52d1564df4a8936ccd202a3bd8
 'C:/Program Files/Unity2017.1.0f3/Editor/Data/UnityExtensions/Unity/Timeline/RuntimeEditor/UnityEngine.Timeline.dll'  GUID: 844f815391db42d49455cbf1a7bfc434
 'C:/Program Files/Unity2017.1.0f3/Editor/Data/UnityExtensions/Unity/Networking/Standalone/UnityEngine.Networking.dll'  GUID: dc443db3e92b4983b9738c1131f555cb
 'C:/Program Files/Unity2017.1.0f3/Editor/Data/UnityExtensions/Unity/Networking/Editor/UnityEditor.Networking.dll'  GUID: 5f32cd94baa94578a686d4b9d6b660f7
 'C:/Program Files/Unity2017.1.0f3/Editor/Data/UnityExtensions/Unity/UnityAnalytics/Editor/UnityEditor.Analytics.dll'  GUID: 86f4de9468454445ac2f39e207fafa3a
 'C:/Program Files/Unity2017.1.0f3/Editor/Data/UnityExtensions/Unity/UnityHoloLens/Runtime/UnityEngine.HoloLens.dll'  GUID: f7b54ff4a43d4fcf81b4538b678e0bcc
 'C:/Program Files/Unity2017.1.0f3/Editor/Data/UnityExtensions/Unity/TreeEditor/Editor/UnityEditor.TreeEditor.dll'  GUID: adebbd281f1a4ef3a30be7f21937e02f
 'C:/Program Files/Unity2017.1.0f3/Editor/Data/UnityExtensions/Unity/Networking/UnityEngine.Networking.dll'  GUID: 870353891bb340e2b2a9c8707e7419ba
 'C:/Program Files/Unity2017.1.0f3/Editor/Data/UnityExtensions/Unity/TestRunner/UnityEngine.TestRunner.dll'  GUID: 53ebcfaa2e1e4e2dbc85882cd5a73fa1
 'C:/Program Files/Unity2017.1.0f3/Editor/Data/UnityExtensions/Unity/Advertisements/Editor/UnityEditor.Advertisements.dll'  GUID: 97decbdab0634cdd991f8d23ddf0dead
 'C:/Program Files/Unity2017.1.0f3/Editor/Data/UnityExtensions/Unity/UnityVR/Editor/UnityEditor.VR.dll'  GUID: 4ba2329b63d54f0187bcaa12486b1b0f
 'C:/Program Files/Unity2017.1.0f3/Editor/Data/UnityExtensions/Unity/UnityPurchasing/Editor/UnityEditor.Purchasing.dll'  GUID: 8382b2bb260241859771b69b7f377a8d
 'C:/Program Files/Unity2017.1.0f3/Editor/Data/UnityExtensions/Unity/UnityHoloLens/RuntimeEditor/UnityEngine.HoloLens.dll'  GUID: 1c6d1fbb51834b64847b1b73a75bfc77
 'C:/Program Files/Unity2017.1.0f3/Editor/Data/UnityExtensions/Unity/GUISystem/Editor/UnityEditor.UI.dll'  GUID: 80a3616ca19596e4da0f10f14d241e9f
 'C:/Program Files/Unity2017.1.0f3/Editor/Data/UnityExtensions/Unity/TestRunner/Editor/UnityEditor.TestRunner.dll'  GUID: 4113173d5e95493ab8765d7b08371de4
 'C:/Program Files/Unity2017.1.0f3/Editor/Data/UnityExtensions/Unity/TestRunner/net35/unity-custom/nunit.framework.dll'  GUID: 4b3fa4bde7f1451a8218c03ee6a8ded8
 'C:/Program Files/Unity2017.1.0f3/Editor/Data/UnityExtensions/Unity/UnityPurchasing/UnityEngine.Purchasing.dll'  GUID: 8e0cd8ed44d4412cbe0642067abc9e44
 'C:/Program Files/Unity2017.1.0f3/Editor/Data/UnityExtensions/Unity/Timeline/Editor/UnityEditor.Timeline.dll'  GUID: 7668179ede524d6396c8b7d84461ea29
 'C:/Program Files/Unity2017.1.0f3/Editor/Data/UnityExtensions/Unity/Advertisements/UnityEngine.Advertisements.dll'  GUID: 739bbd9f364b4268874f9fd86ab3beef
    Ignoring 'C:/Program Files/Unity2017.1.0f3/Editor/Data/UnityExtensions/Unity/Advertisements/UnityEngine.Advertisements.dll' because we're compiling for Editor:Editor
    Ignoring 'C:/Program Files/Unity2017.1.0f3/Editor/Data/UnityExtensions/Unity/GUISystem/Standalone/UnityEngine.UI.dll' because we're compiling for Editor:Editor
    Ignoring 'C:/Program Files/Unity2017.1.0f3/Editor/Data/UnityExtensions/Unity/Networking/Standalone/UnityEngine.Networking.dll' because we're compiling for Editor:Editor
    Ignoring 'C:/Program Files/Unity2017.1.0f3/Editor/Data/UnityExtensions/Unity/Timeline/Runtime/UnityEngine.Timeline.dll' because we're compiling for Editor:Editor
    Ignoring 'C:/Program Files/Unity2017.1.0f3/Editor/Data/UnityExtensions/Unity/UnityHoloLens/Runtime/UnityEngine.HoloLens.dll' because we're compiling for Editor:Editor
    Ignoring 'C:/Program Files/Unity2017.1.0f3/Editor/Data/UnityExtensions/Unity/UnityPurchasing/UnityEngine.Purchasing.dll' because we're compiling for Editor:Editor
Unloading 92 Unused Serialized files (Serialized files now loaded: 0)
System memory in use before: 21.5 MB.
System memory in use after: 21.4 MB.

Unloading 62 unused Assets to reduce memory usage. Loaded Objects now: 617.
Total: 0.797125 ms (FindLiveObjects: 0.046754 ms CreateObjectMapping: 0.012774 ms MarkObjects: 0.724055 ms  DeleteObjects: 0.012007 ms)

Scripts have compiler errors.
 
(Filename: C:\buildslave\unity\build\Runtime/Utilities/Argv.cpp Line: 189)

